{"C:\\Users\\shtse\\filesystem\\src\\handlers\\chmodItems.ts": {"path":"C:\\Users\\shtse\\filesystem\\src\\handlers\\chmodItems.ts","all":true,"statementMap":{"0":{"start":{"line":1,"column":0},"end":{"line":1,"column":36}},"1":{"start":{"line":2,"column":0},"end":{"line":2,"column":24}},"2":{"start":{"line":3,"column":0},"end":{"line":3,"column":73}},"3":{"start":{"line":4,"column":0},"end":{"line":4,"column":66}},"11":{"start":{"line":12,"column":0},"end":{"line":12,"column":46}},"12":{"start":{"line":13,"column":0},"end":{"line":13,"column":120}},"13":{"start":{"line":14,"column":0},"end":{"line":14,"column":180}},"14":{"start":{"line":15,"column":0},"end":{"line":15,"column":12}},"21":{"start":{"line":22,"column":0},"end":{"line":22,"column":55}},"23":{"start":{"line":24,"column":0},"end":{"line":24,"column":35}},"24":{"start":{"line":25,"column":0},"end":{"line":25,"column":9}},"25":{"start":{"line":26,"column":0},"end":{"line":26,"column":54}},"26":{"start":{"line":27,"column":0},"end":{"line":27,"column":21}},"27":{"start":{"line":28,"column":0},"end":{"line":28,"column":42}},"28":{"start":{"line":29,"column":0},"end":{"line":29,"column":152}},"29":{"start":{"line":30,"column":0},"end":{"line":30,"column":9}},"30":{"start":{"line":31,"column":0},"end":{"line":31,"column":82}},"31":{"start":{"line":32,"column":0},"end":{"line":32,"column":5}},"32":{"start":{"line":33,"column":0},"end":{"line":33,"column":66}},"33":{"start":{"line":34,"column":0},"end":{"line":34,"column":41}},"42":{"start":{"line":43,"column":0},"end":{"line":43,"column":110}},"43":{"start":{"line":44,"column":0},"end":{"line":44,"column":103}},"44":{"start":{"line":45,"column":0},"end":{"line":45,"column":13}},"45":{"start":{"line":46,"column":0},"end":{"line":46,"column":57}},"46":{"start":{"line":47,"column":0},"end":{"line":47,"column":46}},"47":{"start":{"line":48,"column":0},"end":{"line":48,"column":127}},"48":{"start":{"line":49,"column":0},"end":{"line":49,"column":13}},"49":{"start":{"line":50,"column":0},"end":{"line":50,"column":45}},"50":{"start":{"line":51,"column":0},"end":{"line":51,"column":73}},"51":{"start":{"line":52,"column":0},"end":{"line":52,"column":30}},"52":{"start":{"line":53,"column":0},"end":{"line":53,"column":42}},"53":{"start":{"line":54,"column":0},"end":{"line":54,"column":85}},"54":{"start":{"line":55,"column":0},"end":{"line":55,"column":13}},"55":{"start":{"line":56,"column":0},"end":{"line":56,"column":44}},"56":{"start":{"line":57,"column":0},"end":{"line":57,"column":82}},"57":{"start":{"line":58,"column":0},"end":{"line":58,"column":13}},"59":{"start":{"line":60,"column":0},"end":{"line":60,"column":107}},"60":{"start":{"line":61,"column":0},"end":{"line":61,"column":106}},"61":{"start":{"line":62,"column":0},"end":{"line":62,"column":9}},"62":{"start":{"line":63,"column":0},"end":{"line":63,"column":8}},"65":{"start":{"line":66,"column":0},"end":{"line":66,"column":73}},"66":{"start":{"line":67,"column":0},"end":{"line":67,"column":44}},"67":{"start":{"line":68,"column":0},"end":{"line":68,"column":32}},"68":{"start":{"line":69,"column":0},"end":{"line":69,"column":16}},"69":{"start":{"line":70,"column":0},"end":{"line":70,"column":129}},"70":{"start":{"line":71,"column":0},"end":{"line":71,"column":132}},"71":{"start":{"line":72,"column":0},"end":{"line":72,"column":9}},"72":{"start":{"line":73,"column":0},"end":{"line":73,"column":7}},"75":{"start":{"line":76,"column":0},"end":{"line":76,"column":143}},"77":{"start":{"line":78,"column":0},"end":{"line":78,"column":89}},"78":{"start":{"line":79,"column":0},"end":{"line":79,"column":2}},"81":{"start":{"line":82,"column":0},"end":{"line":82,"column":41}},"82":{"start":{"line":83,"column":0},"end":{"line":83,"column":24}},"83":{"start":{"line":84,"column":0},"end":{"line":84,"column":99}},"84":{"start":{"line":85,"column":0},"end":{"line":85,"column":33}},"85":{"start":{"line":86,"column":0},"end":{"line":86,"column":34}},"86":{"start":{"line":87,"column":0},"end":{"line":87,"column":2}}},"s":{"0":0,"1":0,"2":0,"3":0,"11":0,"12":0,"13":0,"14":0,"21":0,"23":0,"24":0,"25":0,"26":0,"27":0,"28":0,"29":0,"30":0,"31":0,"32":0,"33":0,"42":0,"43":0,"44":0,"45":0,"46":0,"47":0,"48":0,"49":0,"50":0,"51":0,"52":0,"53":0,"54":0,"55":0,"56":0,"57":0,"59":0,"60":0,"61":0,"62":0,"65":0,"66":0,"67":0,"68":0,"69":0,"70":0,"71":0,"72":0,"75":0,"77":0,"78":0,"81":0,"82":0,"83":0,"84":0,"85":0,"86":0},"branchMap":{"0":{"type":"branch","line":1,"loc":{"start":{"line":1,"column":4067},"end":{"line":87,"column":2}},"locations":[{"start":{"line":1,"column":4067},"end":{"line":87,"column":2}}]}},"b":{"0":[0]},"fnMap":{"0":{"name":"(empty-report)","decl":{"start":{"line":1,"column":4067},"end":{"line":87,"column":2}},"loc":{"start":{"line":1,"column":4067},"end":{"line":87,"column":2}},"line":1}},"f":{"0":0}}
,"C:\\Users\\shtse\\filesystem\\src\\handlers\\chownItems.ts": {"path":"C:\\Users\\shtse\\filesystem\\src\\handlers\\chownItems.ts","all":true,"statementMap":{"0":{"start":{"line":1,"column":0},"end":{"line":1,"column":36}},"1":{"start":{"line":2,"column":0},"end":{"line":2,"column":24}},"2":{"start":{"line":3,"column":0},"end":{"line":3,"column":73}},"3":{"start":{"line":4,"column":0},"end":{"line":4,"column":66}},"12":{"start":{"line":13,"column":0},"end":{"line":13,"column":46}},"13":{"start":{"line":14,"column":0},"end":{"line":14,"column":120}},"14":{"start":{"line":15,"column":0},"end":{"line":15,"column":82}},"15":{"start":{"line":16,"column":0},"end":{"line":16,"column":83}},"16":{"start":{"line":17,"column":0},"end":{"line":17,"column":12}},"23":{"start":{"line":24,"column":0},"end":{"line":24,"column":55}},"25":{"start":{"line":26,"column":0},"end":{"line":26,"column":35}},"26":{"start":{"line":27,"column":0},"end":{"line":27,"column":9}},"27":{"start":{"line":28,"column":0},"end":{"line":28,"column":54}},"28":{"start":{"line":29,"column":0},"end":{"line":29,"column":21}},"29":{"start":{"line":30,"column":0},"end":{"line":30,"column":42}},"30":{"start":{"line":31,"column":0},"end":{"line":31,"column":152}},"31":{"start":{"line":32,"column":0},"end":{"line":32,"column":9}},"32":{"start":{"line":33,"column":0},"end":{"line":33,"column":82}},"33":{"start":{"line":34,"column":0},"end":{"line":34,"column":5}},"34":{"start":{"line":35,"column":0},"end":{"line":35,"column":58}},"49":{"start":{"line":50,"column":0},"end":{"line":50,"column":110}},"50":{"start":{"line":51,"column":0},"end":{"line":51,"column":103}},"51":{"start":{"line":52,"column":0},"end":{"line":52,"column":13}},"52":{"start":{"line":53,"column":0},"end":{"line":53,"column":57}},"53":{"start":{"line":54,"column":0},"end":{"line":54,"column":46}},"54":{"start":{"line":55,"column":0},"end":{"line":55,"column":125}},"55":{"start":{"line":56,"column":0},"end":{"line":56,"column":13}},"56":{"start":{"line":57,"column":0},"end":{"line":57,"column":49}},"57":{"start":{"line":58,"column":0},"end":{"line":58,"column":65}},"58":{"start":{"line":59,"column":0},"end":{"line":59,"column":30}},"59":{"start":{"line":60,"column":0},"end":{"line":60,"column":42}},"60":{"start":{"line":61,"column":0},"end":{"line":61,"column":85}},"61":{"start":{"line":62,"column":0},"end":{"line":62,"column":13}},"62":{"start":{"line":63,"column":0},"end":{"line":63,"column":41}},"64":{"start":{"line":65,"column":0},"end":{"line":65,"column":129}},"65":{"start":{"line":66,"column":0},"end":{"line":66,"column":13}},"66":{"start":{"line":67,"column":0},"end":{"line":67,"column":44}},"67":{"start":{"line":68,"column":0},"end":{"line":68,"column":82}},"68":{"start":{"line":69,"column":0},"end":{"line":69,"column":13}},"69":{"start":{"line":70,"column":0},"end":{"line":70,"column":112}},"70":{"start":{"line":71,"column":0},"end":{"line":71,"column":111}},"71":{"start":{"line":72,"column":0},"end":{"line":72,"column":9}},"72":{"start":{"line":73,"column":0},"end":{"line":73,"column":8}},"75":{"start":{"line":76,"column":0},"end":{"line":76,"column":73}},"76":{"start":{"line":77,"column":0},"end":{"line":77,"column":44}},"77":{"start":{"line":78,"column":0},"end":{"line":78,"column":32}},"78":{"start":{"line":79,"column":0},"end":{"line":79,"column":16}},"79":{"start":{"line":80,"column":0},"end":{"line":80,"column":129}},"80":{"start":{"line":81,"column":0},"end":{"line":81,"column":132}},"81":{"start":{"line":82,"column":0},"end":{"line":82,"column":9}},"82":{"start":{"line":83,"column":0},"end":{"line":83,"column":7}},"85":{"start":{"line":86,"column":0},"end":{"line":86,"column":143}},"87":{"start":{"line":88,"column":0},"end":{"line":88,"column":89}},"88":{"start":{"line":89,"column":0},"end":{"line":89,"column":2}},"91":{"start":{"line":92,"column":0},"end":{"line":92,"column":41}},"92":{"start":{"line":93,"column":0},"end":{"line":93,"column":24}},"93":{"start":{"line":94,"column":0},"end":{"line":94,"column":96}},"94":{"start":{"line":95,"column":0},"end":{"line":95,"column":33}},"95":{"start":{"line":96,"column":0},"end":{"line":96,"column":34}},"96":{"start":{"line":97,"column":0},"end":{"line":97,"column":2}}},"s":{"0":0,"1":0,"2":0,"3":0,"12":0,"13":0,"14":0,"15":0,"16":0,"23":0,"25":0,"26":0,"27":0,"28":0,"29":0,"30":0,"31":0,"32":0,"33":0,"34":0,"49":0,"50":0,"51":0,"52":0,"53":0,"54":0,"55":0,"56":0,"57":0,"58":0,"59":0,"60":0,"61":0,"62":0,"64":0,"65":0,"66":0,"67":0,"68":0,"69":0,"70":0,"71":0,"72":0,"75":0,"76":0,"77":0,"78":0,"79":0,"80":0,"81":0,"82":0,"85":0,"87":0,"88":0,"91":0,"92":0,"93":0,"94":0,"95":0,"96":0},"branchMap":{"0":{"type":"branch","line":1,"loc":{"start":{"line":1,"column":4522},"end":{"line":97,"column":2}},"locations":[{"start":{"line":1,"column":4522},"end":{"line":97,"column":2}}]}},"b":{"0":[0]},"fnMap":{"0":{"name":"(empty-report)","decl":{"start":{"line":1,"column":4522},"end":{"line":97,"column":2}},"loc":{"start":{"line":1,"column":4522},"end":{"line":97,"column":2}},"line":1}},"f":{"0":0}}
,"C:\\Users\\shtse\\filesystem\\src\\handlers\\copyItems.ts": {"path":"C:\\Users\\shtse\\filesystem\\src\\handlers\\copyItems.ts","all":false,"statementMap":{"0":{"start":{"line":1,"column":0},"end":{"line":1,"column":36}},"1":{"start":{"line":2,"column":0},"end":{"line":2,"column":24}},"2":{"start":{"line":3,"column":0},"end":{"line":3,"column":24}},"3":{"start":{"line":4,"column":0},"end":{"line":4,"column":73}},"4":{"start":{"line":5,"column":0},"end":{"line":5,"column":66}},"13":{"start":{"line":14,"column":0},"end":{"line":14,"column":45}},"14":{"start":{"line":15,"column":0},"end":{"line":15,"column":61}},"15":{"start":{"line":16,"column":0},"end":{"line":16,"column":71}},"16":{"start":{"line":17,"column":0},"end":{"line":17,"column":12}},"19":{"start":{"line":20,"column":0},"end":{"line":20,"column":45}},"20":{"start":{"line":21,"column":0},"end":{"line":21,"column":150}},"21":{"start":{"line":22,"column":0},"end":{"line":22,"column":12}},"27":{"start":{"line":28,"column":0},"end":{"line":28,"column":54}},"29":{"start":{"line":30,"column":0},"end":{"line":30,"column":34}},"30":{"start":{"line":31,"column":0},"end":{"line":31,"column":9}},"31":{"start":{"line":32,"column":0},"end":{"line":32,"column":53}},"32":{"start":{"line":33,"column":0},"end":{"line":33,"column":21}},"33":{"start":{"line":34,"column":0},"end":{"line":34,"column":42}},"34":{"start":{"line":35,"column":0},"end":{"line":35,"column":152}},"35":{"start":{"line":36,"column":0},"end":{"line":36,"column":9}},"36":{"start":{"line":37,"column":0},"end":{"line":37,"column":82}},"37":{"start":{"line":38,"column":0},"end":{"line":38,"column":5}},"38":{"start":{"line":39,"column":0},"end":{"line":39,"column":38}},"48":{"start":{"line":49,"column":0},"end":{"line":49,"column":96}},"49":{"start":{"line":50,"column":0},"end":{"line":50,"column":41}},"50":{"start":{"line":51,"column":0},"end":{"line":51,"column":51}},"51":{"start":{"line":52,"column":0},"end":{"line":52,"column":107}},"52":{"start":{"line":53,"column":0},"end":{"line":53,"column":67}},"53":{"start":{"line":54,"column":0},"end":{"line":54,"column":89}},"55":{"start":{"line":56,"column":0},"end":{"line":56,"column":13}},"56":{"start":{"line":57,"column":0},"end":{"line":57,"column":81}},"57":{"start":{"line":58,"column":0},"end":{"line":58,"column":73}},"59":{"start":{"line":60,"column":0},"end":{"line":60,"column":50}},"60":{"start":{"line":61,"column":0},"end":{"line":61,"column":140}},"61":{"start":{"line":62,"column":0},"end":{"line":62,"column":13}},"65":{"start":{"line":66,"column":0},"end":{"line":66,"column":62}},"66":{"start":{"line":67,"column":0},"end":{"line":67,"column":57}},"70":{"start":{"line":71,"column":0},"end":{"line":71,"column":46}},"71":{"start":{"line":72,"column":0},"end":{"line":72,"column":144}},"72":{"start":{"line":73,"column":0},"end":{"line":73,"column":20}},"74":{"start":{"line":75,"column":0},"end":{"line":75,"column":61}},"75":{"start":{"line":76,"column":0},"end":{"line":76,"column":43}},"76":{"start":{"line":77,"column":0},"end":{"line":77,"column":201}},"77":{"start":{"line":78,"column":0},"end":{"line":78,"column":18}},"78":{"start":{"line":79,"column":0},"end":{"line":79,"column":94}},"79":{"start":{"line":80,"column":0},"end":{"line":80,"column":13}},"81":{"start":{"line":82,"column":0},"end":{"line":82,"column":84}},"82":{"start":{"line":83,"column":0},"end":{"line":83,"column":30}},"83":{"start":{"line":84,"column":0},"end":{"line":84,"column":42}},"84":{"start":{"line":85,"column":0},"end":{"line":85,"column":140}},"85":{"start":{"line":86,"column":0},"end":{"line":86,"column":13}},"86":{"start":{"line":87,"column":0},"end":{"line":87,"column":68}},"87":{"start":{"line":88,"column":0},"end":{"line":88,"column":174}},"88":{"start":{"line":89,"column":0},"end":{"line":89,"column":13}},"89":{"start":{"line":90,"column":0},"end":{"line":90,"column":44}},"90":{"start":{"line":91,"column":0},"end":{"line":91,"column":111}},"91":{"start":{"line":92,"column":0},"end":{"line":92,"column":13}},"92":{"start":{"line":93,"column":0},"end":{"line":93,"column":134}},"93":{"start":{"line":94,"column":0},"end":{"line":94,"column":133}},"94":{"start":{"line":95,"column":0},"end":{"line":95,"column":9}},"95":{"start":{"line":96,"column":0},"end":{"line":96,"column":8}},"98":{"start":{"line":99,"column":0},"end":{"line":99,"column":72}},"99":{"start":{"line":100,"column":0},"end":{"line":100,"column":44}},"100":{"start":{"line":101,"column":0},"end":{"line":101,"column":32}},"101":{"start":{"line":102,"column":0},"end":{"line":102,"column":16}},"102":{"start":{"line":103,"column":0},"end":{"line":103,"column":41}},"103":{"start":{"line":104,"column":0},"end":{"line":104,"column":131}},"104":{"start":{"line":105,"column":0},"end":{"line":105,"column":202}},"105":{"start":{"line":106,"column":0},"end":{"line":106,"column":9}},"106":{"start":{"line":107,"column":0},"end":{"line":107,"column":7}},"108":{"start":{"line":109,"column":0},"end":{"line":109,"column":30}},"109":{"start":{"line":110,"column":0},"end":{"line":110,"column":98}},"110":{"start":{"line":111,"column":0},"end":{"line":111,"column":98}},"112":{"start":{"line":113,"column":0},"end":{"line":113,"column":32}},"113":{"start":{"line":114,"column":0},"end":{"line":114,"column":33}},"114":{"start":{"line":115,"column":0},"end":{"line":115,"column":27}},"115":{"start":{"line":116,"column":0},"end":{"line":116,"column":3}},"117":{"start":{"line":118,"column":0},"end":{"line":118,"column":89}},"118":{"start":{"line":119,"column":0},"end":{"line":119,"column":2}},"121":{"start":{"line":122,"column":0},"end":{"line":122,"column":40}},"122":{"start":{"line":123,"column":0},"end":{"line":123,"column":23}},"123":{"start":{"line":124,"column":0},"end":{"line":124,"column":62}},"124":{"start":{"line":125,"column":0},"end":{"line":125,"column":32}},"125":{"start":{"line":126,"column":0},"end":{"line":126,"column":33}},"126":{"start":{"line":127,"column":0},"end":{"line":127,"column":2}}},"s":{"0":1,"1":1,"2":1,"3":1,"4":1,"13":1,"14":1,"15":1,"16":1,"19":1,"20":1,"21":1,"27":1,"29":12,"30":12,"31":12,"32":12,"33":2,"34":2,"35":2,"36":0,"37":0,"38":10,"48":10,"49":12,"50":12,"51":12,"52":12,"53":12,"55":12,"56":12,"57":12,"59":12,"60":0,"61":0,"65":9,"66":9,"70":9,"71":9,"72":12,"74":0,"75":0,"76":0,"77":0,"78":0,"79":0,"81":7,"82":12,"83":5,"84":2,"85":2,"86":5,"87":0,"88":0,"89":3,"90":3,"91":3,"92":0,"93":0,"94":0,"95":10,"98":10,"99":12,"100":12,"101":12,"102":0,"103":0,"104":0,"105":0,"106":10,"108":10,"109":2,"110":2,"112":2,"113":2,"114":2,"115":10,"117":10,"118":10,"121":1,"122":1,"123":1,"124":1,"125":1,"126":1},"branchMap":{"0":{"type":"branch","line":28,"loc":{"start":{"line":28,"column":28},"end":{"line":119,"column":2}},"locations":[{"start":{"line":28,"column":28},"end":{"line":119,"column":2}}]},"1":{"type":"branch","line":33,"loc":{"start":{"line":33,"column":4},"end":{"line":38,"column":5}},"locations":[{"start":{"line":33,"column":4},"end":{"line":38,"column":5}}]},"2":{"type":"branch","line":36,"loc":{"start":{"line":36,"column":8},"end":{"line":38,"column":5}},"locations":[{"start":{"line":36,"column":8},"end":{"line":38,"column":5}}]},"3":{"type":"branch","line":38,"loc":{"start":{"line":38,"column":4},"end":{"line":119,"column":2}},"locations":[{"start":{"line":38,"column":4},"end":{"line":119,"column":2}}]},"4":{"type":"branch","line":35,"loc":{"start":{"line":35,"column":95},"end":{"line":35,"column":136}},"locations":[{"start":{"line":35,"column":95},"end":{"line":35,"column":136}}]},"5":{"type":"branch","line":49,"loc":{"start":{"line":49,"column":60},"end":{"line":96,"column":5}},"locations":[{"start":{"line":49,"column":60},"end":{"line":96,"column":5}}]},"6":{"type":"branch","line":60,"loc":{"start":{"line":60,"column":49},"end":{"line":62,"column":13}},"locations":[{"start":{"line":60,"column":49},"end":{"line":62,"column":13}}]},"7":{"type":"branch","line":62,"loc":{"start":{"line":62,"column":12},"end":{"line":73,"column":19}},"locations":[{"start":{"line":62,"column":12},"end":{"line":73,"column":19}}]},"8":{"type":"branch","line":72,"loc":{"start":{"line":72,"column":119},"end":{"line":73,"column":19}},"locations":[{"start":{"line":72,"column":119},"end":{"line":73,"column":19}}]},"9":{"type":"branch","line":73,"loc":{"start":{"line":73,"column":12},"end":{"line":80,"column":13}},"locations":[{"start":{"line":73,"column":12},"end":{"line":80,"column":13}}]},"10":{"type":"branch","line":80,"loc":{"start":{"line":80,"column":12},"end":{"line":83,"column":17}},"locations":[{"start":{"line":80,"column":12},"end":{"line":83,"column":17}}]},"11":{"type":"branch","line":83,"loc":{"start":{"line":83,"column":8},"end":{"line":95,"column":9}},"locations":[{"start":{"line":83,"column":8},"end":{"line":95,"column":9}}]},"12":{"type":"branch","line":84,"loc":{"start":{"line":84,"column":41},"end":{"line":86,"column":13}},"locations":[{"start":{"line":84,"column":41},"end":{"line":86,"column":13}}]},"13":{"type":"branch","line":86,"loc":{"start":{"line":86,"column":12},"end":{"line":87,"column":67}},"locations":[{"start":{"line":86,"column":12},"end":{"line":87,"column":67}}]},"14":{"type":"branch","line":87,"loc":{"start":{"line":87,"column":67},"end":{"line":89,"column":13}},"locations":[{"start":{"line":87,"column":67},"end":{"line":89,"column":13}}]},"15":{"type":"branch","line":89,"loc":{"start":{"line":89,"column":12},"end":{"line":92,"column":13}},"locations":[{"start":{"line":89,"column":12},"end":{"line":92,"column":13}}]},"16":{"type":"branch","line":92,"loc":{"start":{"line":92,"column":12},"end":{"line":95,"column":9}},"locations":[{"start":{"line":92,"column":12},"end":{"line":95,"column":9}}]},"17":{"type":"branch","line":99,"loc":{"start":{"line":99,"column":52},"end":{"line":107,"column":5}},"locations":[{"start":{"line":99,"column":52},"end":{"line":107,"column":5}}]},"18":{"type":"branch","line":102,"loc":{"start":{"line":102,"column":8},"end":{"line":106,"column":9}},"locations":[{"start":{"line":102,"column":8},"end":{"line":106,"column":9}}]},"19":{"type":"branch","line":109,"loc":{"start":{"line":109,"column":19},"end":{"line":116,"column":1}},"locations":[{"start":{"line":109,"column":19},"end":{"line":116,"column":1}}]},"20":{"type":"branch","line":113,"loc":{"start":{"line":113,"column":23},"end":{"line":113,"column":32}},"locations":[{"start":{"line":113,"column":23},"end":{"line":113,"column":32}}]},"21":{"type":"branch","line":114,"loc":{"start":{"line":114,"column":23},"end":{"line":114,"column":33}},"locations":[{"start":{"line":114,"column":23},"end":{"line":114,"column":33}}]},"22":{"type":"branch","line":110,"loc":{"start":{"line":110,"column":40},"end":{"line":110,"column":96}},"locations":[{"start":{"line":110,"column":40},"end":{"line":110,"column":96}}]},"23":{"type":"branch","line":110,"loc":{"start":{"line":110,"column":83},"end":{"line":110,"column":96}},"locations":[{"start":{"line":110,"column":83},"end":{"line":110,"column":96}}]},"24":{"type":"branch","line":111,"loc":{"start":{"line":111,"column":40},"end":{"line":111,"column":96}},"locations":[{"start":{"line":111,"column":40},"end":{"line":111,"column":96}}]},"25":{"type":"branch","line":111,"loc":{"start":{"line":111,"column":83},"end":{"line":111,"column":96}},"locations":[{"start":{"line":111,"column":83},"end":{"line":111,"column":96}}]}},"b":{"0":[12],"1":[2],"2":[0],"3":[10],"4":[2],"5":[12],"6":[0],"7":[9],"8":[7],"9":[0],"10":[7],"11":[5],"12":[2],"13":[3],"14":[0],"15":[3],"16":[0],"17":[12],"18":[0],"19":[2],"20":[0],"21":[0],"22":[5],"23":[0],"24":[3],"25":[0]},"fnMap":{"0":{"name":"handleCopyItemsFunc","decl":{"start":{"line":28,"column":28},"end":{"line":119,"column":2}},"loc":{"start":{"line":28,"column":28},"end":{"line":119,"column":2}},"line":28}},"f":{"0":12}}
,"C:\\Users\\shtse\\filesystem\\src\\handlers\\createDirectories.ts": {"path":"C:\\Users\\shtse\\filesystem\\src\\handlers\\createDirectories.ts","all":false,"statementMap":{"0":{"start":{"line":1,"column":0},"end":{"line":1,"column":36}},"1":{"start":{"line":2,"column":0},"end":{"line":2,"column":24}},"2":{"start":{"line":3,"column":0},"end":{"line":3,"column":73}},"3":{"start":{"line":4,"column":0},"end":{"line":4,"column":66}},"11":{"start":{"line":12,"column":0},"end":{"line":12,"column":46}},"12":{"start":{"line":13,"column":0},"end":{"line":13,"column":140}},"13":{"start":{"line":14,"column":0},"end":{"line":14,"column":12}},"20":{"start":{"line":21,"column":0},"end":{"line":21,"column":62}},"22":{"start":{"line":23,"column":0},"end":{"line":23,"column":35}},"23":{"start":{"line":24,"column":0},"end":{"line":24,"column":9}},"24":{"start":{"line":25,"column":0},"end":{"line":25,"column":54}},"25":{"start":{"line":26,"column":0},"end":{"line":26,"column":21}},"26":{"start":{"line":27,"column":0},"end":{"line":27,"column":42}},"27":{"start":{"line":28,"column":0},"end":{"line":28,"column":152}},"28":{"start":{"line":29,"column":0},"end":{"line":29,"column":9}},"29":{"start":{"line":30,"column":0},"end":{"line":30,"column":82}},"30":{"start":{"line":31,"column":0},"end":{"line":31,"column":5}},"31":{"start":{"line":32,"column":0},"end":{"line":32,"column":48}},"43":{"start":{"line":44,"column":0},"end":{"line":44,"column":114}},"44":{"start":{"line":45,"column":0},"end":{"line":45,"column":103}},"45":{"start":{"line":46,"column":0},"end":{"line":46,"column":61}},"46":{"start":{"line":47,"column":0},"end":{"line":47,"column":13}},"47":{"start":{"line":48,"column":0},"end":{"line":48,"column":75}},"48":{"start":{"line":49,"column":0},"end":{"line":49,"column":46}},"49":{"start":{"line":50,"column":0},"end":{"line":50,"column":138}},"50":{"start":{"line":51,"column":0},"end":{"line":51,"column":13}},"51":{"start":{"line":52,"column":0},"end":{"line":52,"column":139}},"52":{"start":{"line":53,"column":0},"end":{"line":53,"column":60}},"53":{"start":{"line":54,"column":0},"end":{"line":54,"column":116}},"54":{"start":{"line":55,"column":0},"end":{"line":55,"column":81}},"55":{"start":{"line":56,"column":0},"end":{"line":56,"column":30}},"56":{"start":{"line":57,"column":0},"end":{"line":57,"column":43}},"57":{"start":{"line":58,"column":0},"end":{"line":58,"column":22}},"58":{"start":{"line":59,"column":0},"end":{"line":59,"column":99}},"59":{"start":{"line":60,"column":0},"end":{"line":60,"column":47}},"60":{"start":{"line":61,"column":0},"end":{"line":61,"column":128}},"61":{"start":{"line":62,"column":0},"end":{"line":62,"column":29}},"62":{"start":{"line":63,"column":0},"end":{"line":63,"column":140}},"63":{"start":{"line":64,"column":0},"end":{"line":64,"column":22}},"64":{"start":{"line":65,"column":0},"end":{"line":65,"column":43}},"65":{"start":{"line":66,"column":0},"end":{"line":66,"column":122}},"66":{"start":{"line":67,"column":0},"end":{"line":67,"column":150}},"67":{"start":{"line":68,"column":0},"end":{"line":68,"column":18}},"68":{"start":{"line":69,"column":0},"end":{"line":69,"column":14}},"69":{"start":{"line":70,"column":0},"end":{"line":70,"column":69}},"70":{"start":{"line":71,"column":0},"end":{"line":71,"column":122}},"71":{"start":{"line":72,"column":0},"end":{"line":72,"column":152}},"72":{"start":{"line":73,"column":0},"end":{"line":73,"column":14}},"73":{"start":{"line":74,"column":0},"end":{"line":74,"column":45}},"75":{"start":{"line":76,"column":0},"end":{"line":76,"column":132}},"76":{"start":{"line":77,"column":0},"end":{"line":77,"column":14}},"78":{"start":{"line":79,"column":0},"end":{"line":79,"column":107}},"79":{"start":{"line":80,"column":0},"end":{"line":80,"column":161}},"80":{"start":{"line":81,"column":0},"end":{"line":81,"column":10}},"81":{"start":{"line":82,"column":0},"end":{"line":82,"column":8}},"84":{"start":{"line":85,"column":0},"end":{"line":85,"column":77}},"85":{"start":{"line":86,"column":0},"end":{"line":86,"column":44}},"86":{"start":{"line":87,"column":0},"end":{"line":87,"column":32}},"87":{"start":{"line":88,"column":0},"end":{"line":88,"column":16}},"88":{"start":{"line":89,"column":0},"end":{"line":89,"column":129}},"90":{"start":{"line":91,"column":0},"end":{"line":91,"column":170}},"91":{"start":{"line":92,"column":0},"end":{"line":92,"column":9}},"92":{"start":{"line":93,"column":0},"end":{"line":93,"column":7}},"95":{"start":{"line":96,"column":0},"end":{"line":96,"column":143}},"97":{"start":{"line":98,"column":0},"end":{"line":98,"column":89}},"98":{"start":{"line":99,"column":0},"end":{"line":99,"column":2}},"101":{"start":{"line":102,"column":0},"end":{"line":102,"column":48}},"102":{"start":{"line":103,"column":0},"end":{"line":103,"column":31}},"103":{"start":{"line":104,"column":0},"end":{"line":104,"column":88}},"104":{"start":{"line":105,"column":0},"end":{"line":105,"column":33}},"105":{"start":{"line":106,"column":0},"end":{"line":106,"column":41}},"106":{"start":{"line":107,"column":0},"end":{"line":107,"column":2}}},"s":{"0":1,"1":1,"2":1,"3":1,"11":1,"12":1,"13":1,"20":1,"22":9,"23":9,"24":9,"25":9,"26":2,"27":2,"28":2,"29":0,"30":0,"31":7,"43":7,"44":10,"45":10,"46":10,"47":10,"48":10,"49":0,"50":0,"51":8,"52":8,"53":7,"54":7,"55":10,"56":3,"57":1,"58":1,"59":1,"60":0,"61":1,"62":1,"63":1,"64":1,"65":0,"66":0,"67":0,"68":1,"69":3,"70":0,"71":0,"72":0,"73":2,"75":2,"76":2,"78":0,"79":3,"80":3,"81":7,"84":7,"85":10,"86":10,"87":10,"88":0,"90":0,"91":0,"92":7,"95":7,"97":7,"98":7,"101":1,"102":1,"103":1,"104":1,"105":1,"106":1},"branchMap":{"0":{"type":"branch","line":21,"loc":{"start":{"line":21,"column":36},"end":{"line":99,"column":2}},"locations":[{"start":{"line":21,"column":36},"end":{"line":99,"column":2}}]},"1":{"type":"branch","line":26,"loc":{"start":{"line":26,"column":4},"end":{"line":31,"column":5}},"locations":[{"start":{"line":26,"column":4},"end":{"line":31,"column":5}}]},"2":{"type":"branch","line":29,"loc":{"start":{"line":29,"column":8},"end":{"line":31,"column":5}},"locations":[{"start":{"line":29,"column":8},"end":{"line":31,"column":5}}]},"3":{"type":"branch","line":31,"loc":{"start":{"line":31,"column":4},"end":{"line":99,"column":2}},"locations":[{"start":{"line":31,"column":4},"end":{"line":99,"column":2}}]},"4":{"type":"branch","line":28,"loc":{"start":{"line":28,"column":95},"end":{"line":28,"column":136}},"locations":[{"start":{"line":28,"column":95},"end":{"line":28,"column":136}}]},"5":{"type":"branch","line":44,"loc":{"start":{"line":44,"column":63},"end":{"line":82,"column":5}},"locations":[{"start":{"line":44,"column":63},"end":{"line":82,"column":5}}]},"6":{"type":"branch","line":49,"loc":{"start":{"line":49,"column":45},"end":{"line":51,"column":13}},"locations":[{"start":{"line":49,"column":45},"end":{"line":51,"column":13}}]},"7":{"type":"branch","line":51,"loc":{"start":{"line":51,"column":12},"end":{"line":53,"column":60}},"locations":[{"start":{"line":51,"column":12},"end":{"line":53,"column":60}}]},"8":{"type":"branch","line":53,"loc":{"start":{"line":53,"column":58},"end":{"line":56,"column":17}},"locations":[{"start":{"line":53,"column":58},"end":{"line":56,"column":17}}]},"9":{"type":"branch","line":56,"loc":{"start":{"line":56,"column":8},"end":{"line":81,"column":10}},"locations":[{"start":{"line":56,"column":8},"end":{"line":81,"column":10}}]},"10":{"type":"branch","line":57,"loc":{"start":{"line":57,"column":42},"end":{"line":69,"column":14}},"locations":[{"start":{"line":57,"column":42},"end":{"line":69,"column":14}}]},"11":{"type":"branch","line":60,"loc":{"start":{"line":60,"column":46},"end":{"line":62,"column":28}},"locations":[{"start":{"line":60,"column":46},"end":{"line":62,"column":28}}]},"12":{"type":"branch","line":65,"loc":{"start":{"line":65,"column":17},"end":{"line":68,"column":18}},"locations":[{"start":{"line":65,"column":17},"end":{"line":68,"column":18}}]},"13":{"type":"branch","line":69,"loc":{"start":{"line":69,"column":13},"end":{"line":70,"column":68}},"locations":[{"start":{"line":69,"column":13},"end":{"line":70,"column":68}}]},"14":{"type":"branch","line":70,"loc":{"start":{"line":70,"column":68},"end":{"line":73,"column":14}},"locations":[{"start":{"line":70,"column":68},"end":{"line":73,"column":14}}]},"15":{"type":"branch","line":73,"loc":{"start":{"line":73,"column":13},"end":{"line":77,"column":14}},"locations":[{"start":{"line":73,"column":13},"end":{"line":77,"column":14}}]},"16":{"type":"branch","line":77,"loc":{"start":{"line":77,"column":13},"end":{"line":80,"column":159}},"locations":[{"start":{"line":77,"column":13},"end":{"line":80,"column":159}}]},"17":{"type":"branch","line":85,"loc":{"start":{"line":85,"column":57},"end":{"line":93,"column":5}},"locations":[{"start":{"line":85,"column":57},"end":{"line":93,"column":5}}]},"18":{"type":"branch","line":88,"loc":{"start":{"line":88,"column":8},"end":{"line":92,"column":9}},"locations":[{"start":{"line":88,"column":8},"end":{"line":92,"column":9}}]},"19":{"type":"branch","line":96,"loc":{"start":{"line":96,"column":23},"end":{"line":96,"column":106}},"locations":[{"start":{"line":96,"column":23},"end":{"line":96,"column":106}}]},"20":{"type":"branch","line":96,"loc":{"start":{"line":96,"column":57},"end":{"line":96,"column":67}},"locations":[{"start":{"line":96,"column":57},"end":{"line":96,"column":67}}]},"21":{"type":"branch","line":96,"loc":{"start":{"line":96,"column":95},"end":{"line":96,"column":105}},"locations":[{"start":{"line":96,"column":95},"end":{"line":96,"column":105}}]}},"b":{"0":[9],"1":[2],"2":[0],"3":[7],"4":[2],"5":[10],"6":[0],"7":[8],"8":[7],"9":[3],"10":[1],"11":[0],"12":[0],"13":[2],"14":[0],"15":[2],"16":[0],"17":[10],"18":[0],"19":[3],"20":[0],"21":[0]},"fnMap":{"0":{"name":"handleCreateDirectoriesFunc","decl":{"start":{"line":21,"column":36},"end":{"line":99,"column":2}},"loc":{"start":{"line":21,"column":36},"end":{"line":99,"column":2}},"line":21}},"f":{"0":9}}
,"C:\\Users\\shtse\\filesystem\\src\\handlers\\deleteItems.ts": {"path":"C:\\Users\\shtse\\filesystem\\src\\handlers\\deleteItems.ts","all":false,"statementMap":{"0":{"start":{"line":1,"column":0},"end":{"line":1,"column":36}},"1":{"start":{"line":2,"column":0},"end":{"line":2,"column":24}},"2":{"start":{"line":3,"column":0},"end":{"line":3,"column":73}},"3":{"start":{"line":4,"column":0},"end":{"line":4,"column":66}},"11":{"start":{"line":12,"column":0},"end":{"line":12,"column":47}},"12":{"start":{"line":13,"column":0},"end":{"line":13,"column":153}},"13":{"start":{"line":14,"column":0},"end":{"line":14,"column":12}},"20":{"start":{"line":21,"column":0},"end":{"line":21,"column":56}},"22":{"start":{"line":23,"column":0},"end":{"line":23,"column":36}},"23":{"start":{"line":24,"column":0},"end":{"line":24,"column":9}},"24":{"start":{"line":25,"column":0},"end":{"line":25,"column":55}},"25":{"start":{"line":26,"column":0},"end":{"line":26,"column":21}},"26":{"start":{"line":27,"column":0},"end":{"line":27,"column":42}},"27":{"start":{"line":28,"column":0},"end":{"line":28,"column":152}},"28":{"start":{"line":29,"column":0},"end":{"line":29,"column":9}},"29":{"start":{"line":30,"column":0},"end":{"line":30,"column":82}},"30":{"start":{"line":31,"column":0},"end":{"line":31,"column":5}},"31":{"start":{"line":32,"column":0},"end":{"line":32,"column":48}},"42":{"start":{"line":43,"column":0},"end":{"line":43,"column":111}},"43":{"start":{"line":44,"column":0},"end":{"line":44,"column":103}},"44":{"start":{"line":45,"column":0},"end":{"line":45,"column":13}},"45":{"start":{"line":46,"column":0},"end":{"line":46,"column":57}},"46":{"start":{"line":47,"column":0},"end":{"line":47,"column":46}},"47":{"start":{"line":48,"column":0},"end":{"line":48,"column":112}},"48":{"start":{"line":49,"column":0},"end":{"line":49,"column":13}},"50":{"start":{"line":51,"column":0},"end":{"line":51,"column":57}},"51":{"start":{"line":52,"column":0},"end":{"line":52,"column":55}},"52":{"start":{"line":53,"column":0},"end":{"line":53,"column":30}},"53":{"start":{"line":54,"column":0},"end":{"line":54,"column":42}},"55":{"start":{"line":56,"column":0},"end":{"line":56,"column":102}},"56":{"start":{"line":57,"column":0},"end":{"line":57,"column":13}},"57":{"start":{"line":58,"column":0},"end":{"line":58,"column":44}},"58":{"start":{"line":59,"column":0},"end":{"line":59,"column":82}},"59":{"start":{"line":60,"column":0},"end":{"line":60,"column":13}},"60":{"start":{"line":61,"column":0},"end":{"line":61,"column":104}},"61":{"start":{"line":62,"column":0},"end":{"line":62,"column":101}},"62":{"start":{"line":63,"column":0},"end":{"line":63,"column":9}},"63":{"start":{"line":64,"column":0},"end":{"line":64,"column":8}},"66":{"start":{"line":67,"column":0},"end":{"line":67,"column":74}},"67":{"start":{"line":68,"column":0},"end":{"line":68,"column":44}},"68":{"start":{"line":69,"column":0},"end":{"line":69,"column":32}},"69":{"start":{"line":70,"column":0},"end":{"line":70,"column":16}},"70":{"start":{"line":71,"column":0},"end":{"line":71,"column":130}},"71":{"start":{"line":72,"column":0},"end":{"line":72,"column":132}},"72":{"start":{"line":73,"column":0},"end":{"line":73,"column":9}},"73":{"start":{"line":74,"column":0},"end":{"line":74,"column":7}},"76":{"start":{"line":77,"column":0},"end":{"line":77,"column":143}},"78":{"start":{"line":79,"column":0},"end":{"line":79,"column":89}},"79":{"start":{"line":80,"column":0},"end":{"line":80,"column":2}},"82":{"start":{"line":83,"column":0},"end":{"line":83,"column":42}},"83":{"start":{"line":84,"column":0},"end":{"line":84,"column":25}},"84":{"start":{"line":85,"column":0},"end":{"line":85,"column":67}},"85":{"start":{"line":86,"column":0},"end":{"line":86,"column":34}},"86":{"start":{"line":87,"column":0},"end":{"line":87,"column":35}},"87":{"start":{"line":88,"column":0},"end":{"line":88,"column":2}}},"s":{"0":1,"1":1,"2":1,"3":1,"11":1,"12":1,"13":1,"20":1,"22":7,"23":7,"24":7,"25":7,"26":2,"27":2,"28":2,"29":0,"30":0,"31":5,"42":5,"43":10,"44":10,"45":10,"46":10,"47":1,"48":1,"50":7,"51":4,"52":10,"53":5,"55":3,"56":3,"57":2,"58":2,"59":2,"60":0,"61":0,"62":0,"63":5,"66":5,"67":10,"68":10,"69":10,"70":0,"71":0,"72":0,"73":5,"76":5,"78":5,"79":5,"82":1,"83":1,"84":1,"85":1,"86":1,"87":1},"branchMap":{"0":{"type":"branch","line":21,"loc":{"start":{"line":21,"column":30},"end":{"line":80,"column":2}},"locations":[{"start":{"line":21,"column":30},"end":{"line":80,"column":2}}]},"1":{"type":"branch","line":26,"loc":{"start":{"line":26,"column":4},"end":{"line":31,"column":5}},"locations":[{"start":{"line":26,"column":4},"end":{"line":31,"column":5}}]},"2":{"type":"branch","line":29,"loc":{"start":{"line":29,"column":8},"end":{"line":31,"column":5}},"locations":[{"start":{"line":29,"column":8},"end":{"line":31,"column":5}}]},"3":{"type":"branch","line":31,"loc":{"start":{"line":31,"column":4},"end":{"line":80,"column":2}},"locations":[{"start":{"line":31,"column":4},"end":{"line":80,"column":2}}]},"4":{"type":"branch","line":28,"loc":{"start":{"line":28,"column":95},"end":{"line":28,"column":136}},"locations":[{"start":{"line":28,"column":95},"end":{"line":28,"column":136}}]},"5":{"type":"branch","line":43,"loc":{"start":{"line":43,"column":63},"end":{"line":64,"column":5}},"locations":[{"start":{"line":43,"column":63},"end":{"line":64,"column":5}}]},"6":{"type":"branch","line":47,"loc":{"start":{"line":47,"column":45},"end":{"line":49,"column":13}},"locations":[{"start":{"line":47,"column":45},"end":{"line":49,"column":13}}]},"7":{"type":"branch","line":49,"loc":{"start":{"line":49,"column":12},"end":{"line":51,"column":57}},"locations":[{"start":{"line":49,"column":12},"end":{"line":51,"column":57}}]},"8":{"type":"branch","line":51,"loc":{"start":{"line":51,"column":55},"end":{"line":53,"column":17}},"locations":[{"start":{"line":51,"column":55},"end":{"line":53,"column":17}}]},"9":{"type":"branch","line":53,"loc":{"start":{"line":53,"column":8},"end":{"line":63,"column":9}},"locations":[{"start":{"line":53,"column":8},"end":{"line":63,"column":9}}]},"10":{"type":"branch","line":54,"loc":{"start":{"line":54,"column":41},"end":{"line":57,"column":13}},"locations":[{"start":{"line":54,"column":41},"end":{"line":57,"column":13}}]},"11":{"type":"branch","line":57,"loc":{"start":{"line":57,"column":12},"end":{"line":60,"column":13}},"locations":[{"start":{"line":57,"column":12},"end":{"line":60,"column":13}}]},"12":{"type":"branch","line":60,"loc":{"start":{"line":60,"column":12},"end":{"line":63,"column":9}},"locations":[{"start":{"line":60,"column":12},"end":{"line":63,"column":9}}]},"13":{"type":"branch","line":67,"loc":{"start":{"line":67,"column":54},"end":{"line":74,"column":5}},"locations":[{"start":{"line":67,"column":54},"end":{"line":74,"column":5}}]},"14":{"type":"branch","line":70,"loc":{"start":{"line":70,"column":8},"end":{"line":73,"column":9}},"locations":[{"start":{"line":70,"column":8},"end":{"line":73,"column":9}}]},"15":{"type":"branch","line":77,"loc":{"start":{"line":77,"column":23},"end":{"line":77,"column":106}},"locations":[{"start":{"line":77,"column":23},"end":{"line":77,"column":106}}]},"16":{"type":"branch","line":77,"loc":{"start":{"line":77,"column":57},"end":{"line":77,"column":67}},"locations":[{"start":{"line":77,"column":57},"end":{"line":77,"column":67}}]},"17":{"type":"branch","line":77,"loc":{"start":{"line":77,"column":95},"end":{"line":77,"column":105}},"locations":[{"start":{"line":77,"column":95},"end":{"line":77,"column":105}}]}},"b":{"0":[7],"1":[2],"2":[0],"3":[5],"4":[2],"5":[10],"6":[1],"7":[7],"8":[4],"9":[5],"10":[3],"11":[2],"12":[0],"13":[10],"14":[0],"15":[5],"16":[0],"17":[0]},"fnMap":{"0":{"name":"handleDeleteItemsFunc","decl":{"start":{"line":21,"column":30},"end":{"line":80,"column":2}},"loc":{"start":{"line":21,"column":30},"end":{"line":80,"column":2}},"line":21}},"f":{"0":7}}
,"C:\\Users\\shtse\\filesystem\\src\\handlers\\editFile.ts": {"path":"C:\\Users\\shtse\\filesystem\\src\\handlers\\editFile.ts","all":false,"statementMap":{"0":{"start":{"line":1,"column":0},"end":{"line":1,"column":73}},"1":{"start":{"line":2,"column":0},"end":{"line":2,"column":24}},"3":{"start":{"line":4,"column":0},"end":{"line":4,"column":52}},"4":{"start":{"line":5,"column":0},"end":{"line":5,"column":34}},"6":{"start":{"line":7,"column":0},"end":{"line":7,"column":41}},"7":{"start":{"line":8,"column":0},"end":{"line":8,"column":35}},"11":{"start":{"line":12,"column":0},"end":{"line":12,"column":39}},"12":{"start":{"line":13,"column":0},"end":{"line":13,"column":77}},"13":{"start":{"line":14,"column":0},"end":{"line":14,"column":181}},"14":{"start":{"line":15,"column":0},"end":{"line":15,"column":156}},"15":{"start":{"line":16,"column":0},"end":{"line":16,"column":198}},"16":{"start":{"line":17,"column":0},"end":{"line":17,"column":100}},"17":{"start":{"line":18,"column":0},"end":{"line":18,"column":152}},"18":{"start":{"line":19,"column":0},"end":{"line":19,"column":184}},"19":{"start":{"line":20,"column":0},"end":{"line":20,"column":213}},"20":{"start":{"line":21,"column":0},"end":{"line":21,"column":92}},"21":{"start":{"line":22,"column":0},"end":{"line":22,"column":101}},"22":{"start":{"line":23,"column":0},"end":{"line":23,"column":3}},"24":{"start":{"line":25,"column":0},"end":{"line":25,"column":37}},"25":{"start":{"line":26,"column":0},"end":{"line":26,"column":113}},"26":{"start":{"line":27,"column":0},"end":{"line":27,"column":135}},"27":{"start":{"line":28,"column":0},"end":{"line":28,"column":134}},"28":{"start":{"line":29,"column":0},"end":{"line":29,"column":3}},"49":{"start":{"line":50,"column":0},"end":{"line":50,"column":59}},"50":{"start":{"line":51,"column":0},"end":{"line":51,"column":25}},"51":{"start":{"line":52,"column":0},"end":{"line":52,"column":37}},"52":{"start":{"line":53,"column":0},"end":{"line":53,"column":33}},"53":{"start":{"line":54,"column":0},"end":{"line":54,"column":1}},"56":{"start":{"line":57,"column":0},"end":{"line":57,"column":70}},"57":{"start":{"line":58,"column":0},"end":{"line":58,"column":58}},"58":{"start":{"line":59,"column":0},"end":{"line":59,"column":1}},"68":{"start":{"line":69,"column":0},"end":{"line":69,"column":75}},"70":{"start":{"line":71,"column":0},"end":{"line":71,"column":67}},"71":{"start":{"line":72,"column":0},"end":{"line":72,"column":36}},"73":{"start":{"line":74,"column":0},"end":{"line":74,"column":116}},"74":{"start":{"line":75,"column":0},"end":{"line":75,"column":103}},"75":{"start":{"line":76,"column":0},"end":{"line":76,"column":5}},"76":{"start":{"line":77,"column":0},"end":{"line":77,"column":85}},"78":{"start":{"line":79,"column":0},"end":{"line":79,"column":45}},"79":{"start":{"line":80,"column":0},"end":{"line":80,"column":66}},"82":{"start":{"line":83,"column":0},"end":{"line":83,"column":59}},"83":{"start":{"line":84,"column":0},"end":{"line":84,"column":32}},"84":{"start":{"line":85,"column":0},"end":{"line":85,"column":34}},"85":{"start":{"line":86,"column":0},"end":{"line":86,"column":9}},"86":{"start":{"line":87,"column":0},"end":{"line":87,"column":38}},"87":{"start":{"line":88,"column":0},"end":{"line":88,"column":19}},"88":{"start":{"line":89,"column":0},"end":{"line":89,"column":47}},"90":{"start":{"line":91,"column":0},"end":{"line":91,"column":47}},"91":{"start":{"line":92,"column":0},"end":{"line":92,"column":33}},"92":{"start":{"line":93,"column":0},"end":{"line":93,"column":50}},"93":{"start":{"line":94,"column":0},"end":{"line":94,"column":49}},"94":{"start":{"line":95,"column":0},"end":{"line":95,"column":109}},"95":{"start":{"line":96,"column":0},"end":{"line":96,"column":85}},"97":{"start":{"line":98,"column":0},"end":{"line":98,"column":13}},"98":{"start":{"line":99,"column":0},"end":{"line":99,"column":53}},"101":{"start":{"line":102,"column":0},"end":{"line":102,"column":17}},"102":{"start":{"line":103,"column":0},"end":{"line":103,"column":75}},"103":{"start":{"line":104,"column":0},"end":{"line":104,"column":80}},"104":{"start":{"line":105,"column":0},"end":{"line":105,"column":38}},"105":{"start":{"line":106,"column":0},"end":{"line":106,"column":50}},"106":{"start":{"line":107,"column":0},"end":{"line":107,"column":101}},"107":{"start":{"line":108,"column":0},"end":{"line":108,"column":17}},"108":{"start":{"line":109,"column":0},"end":{"line":109,"column":62}},"109":{"start":{"line":110,"column":0},"end":{"line":110,"column":13}},"111":{"start":{"line":112,"column":0},"end":{"line":112,"column":60}},"112":{"start":{"line":113,"column":0},"end":{"line":113,"column":94}},"113":{"start":{"line":114,"column":0},"end":{"line":114,"column":76}},"117":{"start":{"line":118,"column":0},"end":{"line":118,"column":68}},"119":{"start":{"line":120,"column":0},"end":{"line":120,"column":47}},"120":{"start":{"line":121,"column":0},"end":{"line":121,"column":88}},"121":{"start":{"line":122,"column":0},"end":{"line":122,"column":44}},"122":{"start":{"line":123,"column":0},"end":{"line":123,"column":23}},"123":{"start":{"line":124,"column":0},"end":{"line":124,"column":35}},"124":{"start":{"line":125,"column":0},"end":{"line":125,"column":31}},"125":{"start":{"line":126,"column":0},"end":{"line":126,"column":36}},"126":{"start":{"line":127,"column":0},"end":{"line":127,"column":38}},"127":{"start":{"line":128,"column":0},"end":{"line":128,"column":53}},"128":{"start":{"line":129,"column":0},"end":{"line":129,"column":48}},"129":{"start":{"line":130,"column":0},"end":{"line":130,"column":40}},"130":{"start":{"line":131,"column":0},"end":{"line":131,"column":27}},"132":{"start":{"line":133,"column":0},"end":{"line":133,"column":72}},"134":{"start":{"line":135,"column":0},"end":{"line":135,"column":42}},"135":{"start":{"line":136,"column":0},"end":{"line":136,"column":129}},"136":{"start":{"line":137,"column":0},"end":{"line":137,"column":59}},"137":{"start":{"line":138,"column":0},"end":{"line":138,"column":17}},"140":{"start":{"line":141,"column":0},"end":{"line":141,"column":71}},"141":{"start":{"line":142,"column":0},"end":{"line":142,"column":57}},"142":{"start":{"line":143,"column":0},"end":{"line":143,"column":153}},"144":{"start":{"line":145,"column":0},"end":{"line":145,"column":21}},"145":{"start":{"line":146,"column":0},"end":{"line":146,"column":91}},"147":{"start":{"line":148,"column":0},"end":{"line":148,"column":36}},"148":{"start":{"line":149,"column":0},"end":{"line":149,"column":47}},"150":{"start":{"line":151,"column":0},"end":{"line":151,"column":57}},"151":{"start":{"line":152,"column":0},"end":{"line":152,"column":87}},"152":{"start":{"line":153,"column":0},"end":{"line":153,"column":54}},"154":{"start":{"line":155,"column":0},"end":{"line":155,"column":85}},"155":{"start":{"line":156,"column":0},"end":{"line":156,"column":25}},"156":{"start":{"line":157,"column":0},"end":{"line":157,"column":21}},"158":{"start":{"line":159,"column":0},"end":{"line":159,"column":87}},"159":{"start":{"line":160,"column":0},"end":{"line":160,"column":81}},"160":{"start":{"line":161,"column":0},"end":{"line":161,"column":43}},"161":{"start":{"line":162,"column":0},"end":{"line":162,"column":17}},"163":{"start":{"line":164,"column":0},"end":{"line":164,"column":42}},"164":{"start":{"line":165,"column":0},"end":{"line":165,"column":36}},"165":{"start":{"line":166,"column":0},"end":{"line":166,"column":134}},"166":{"start":{"line":167,"column":0},"end":{"line":167,"column":63}},"167":{"start":{"line":168,"column":0},"end":{"line":168,"column":21}},"170":{"start":{"line":171,"column":0},"end":{"line":171,"column":67}},"171":{"start":{"line":172,"column":0},"end":{"line":172,"column":45}},"172":{"start":{"line":173,"column":0},"end":{"line":173,"column":45}},"173":{"start":{"line":174,"column":0},"end":{"line":174,"column":43}},"176":{"start":{"line":177,"column":0},"end":{"line":177,"column":125}},"178":{"start":{"line":179,"column":0},"end":{"line":179,"column":96}},"180":{"start":{"line":181,"column":0},"end":{"line":181,"column":44}},"182":{"start":{"line":183,"column":0},"end":{"line":183,"column":43}},"183":{"start":{"line":184,"column":0},"end":{"line":184,"column":70}},"184":{"start":{"line":185,"column":0},"end":{"line":185,"column":56}},"185":{"start":{"line":186,"column":0},"end":{"line":186,"column":60}},"187":{"start":{"line":188,"column":0},"end":{"line":188,"column":60}},"189":{"start":{"line":190,"column":0},"end":{"line":190,"column":67}},"190":{"start":{"line":191,"column":0},"end":{"line":191,"column":68}},"191":{"start":{"line":192,"column":0},"end":{"line":192,"column":33}},"192":{"start":{"line":193,"column":0},"end":{"line":193,"column":68}},"193":{"start":{"line":194,"column":0},"end":{"line":194,"column":29}},"195":{"start":{"line":196,"column":0},"end":{"line":196,"column":58}},"196":{"start":{"line":197,"column":0},"end":{"line":197,"column":48}},"197":{"start":{"line":198,"column":0},"end":{"line":198,"column":38}},"198":{"start":{"line":199,"column":0},"end":{"line":199,"column":29}},"199":{"start":{"line":200,"column":0},"end":{"line":200,"column":25}},"201":{"start":{"line":202,"column":0},"end":{"line":202,"column":38}},"202":{"start":{"line":203,"column":0},"end":{"line":203,"column":47}},"203":{"start":{"line":204,"column":0},"end":{"line":204,"column":72}},"204":{"start":{"line":205,"column":0},"end":{"line":205,"column":52}},"205":{"start":{"line":206,"column":0},"end":{"line":206,"column":71}},"206":{"start":{"line":207,"column":0},"end":{"line":207,"column":70}},"207":{"start":{"line":208,"column":0},"end":{"line":208,"column":29}},"208":{"start":{"line":209,"column":0},"end":{"line":209,"column":25}},"209":{"start":{"line":210,"column":0},"end":{"line":210,"column":21}},"211":{"start":{"line":212,"column":0},"end":{"line":212,"column":49}},"213":{"start":{"line":214,"column":0},"end":{"line":214,"column":40}},"214":{"start":{"line":215,"column":0},"end":{"line":215,"column":85}},"215":{"start":{"line":216,"column":0},"end":{"line":216,"column":77}},"216":{"start":{"line":217,"column":0},"end":{"line":217,"column":25}},"218":{"start":{"line":219,"column":0},"end":{"line":219,"column":60}},"220":{"start":{"line":221,"column":0},"end":{"line":221,"column":95}},"221":{"start":{"line":222,"column":0},"end":{"line":222,"column":112}},"222":{"start":{"line":223,"column":0},"end":{"line":223,"column":51}},"223":{"start":{"line":224,"column":0},"end":{"line":224,"column":32}},"225":{"start":{"line":226,"column":0},"end":{"line":226,"column":91}},"226":{"start":{"line":227,"column":0},"end":{"line":227,"column":51}},"227":{"start":{"line":228,"column":0},"end":{"line":228,"column":25}},"228":{"start":{"line":229,"column":0},"end":{"line":229,"column":28}},"229":{"start":{"line":230,"column":0},"end":{"line":230,"column":180}},"230":{"start":{"line":231,"column":0},"end":{"line":231,"column":21}},"231":{"start":{"line":232,"column":0},"end":{"line":232,"column":24}},"233":{"start":{"line":234,"column":0},"end":{"line":234,"column":152}},"234":{"start":{"line":235,"column":0},"end":{"line":235,"column":17}},"236":{"start":{"line":237,"column":0},"end":{"line":237,"column":38}},"237":{"start":{"line":238,"column":0},"end":{"line":238,"column":48}},"239":{"start":{"line":240,"column":0},"end":{"line":240,"column":54}},"241":{"start":{"line":242,"column":0},"end":{"line":242,"column":55}},"242":{"start":{"line":243,"column":0},"end":{"line":243,"column":17}},"244":{"start":{"line":245,"column":0},"end":{"line":245,"column":55}},"247":{"start":{"line":248,"column":0},"end":{"line":248,"column":94}},"248":{"start":{"line":249,"column":0},"end":{"line":249,"column":46}},"251":{"start":{"line":252,"column":0},"end":{"line":252,"column":34}},"252":{"start":{"line":253,"column":0},"end":{"line":253,"column":50}},"253":{"start":{"line":254,"column":0},"end":{"line":254,"column":70}},"254":{"start":{"line":255,"column":0},"end":{"line":255,"column":40}},"255":{"start":{"line":256,"column":0},"end":{"line":256,"column":80}},"256":{"start":{"line":257,"column":0},"end":{"line":257,"column":40}},"257":{"start":{"line":258,"column":0},"end":{"line":258,"column":40}},"258":{"start":{"line":259,"column":0},"end":{"line":259,"column":65}},"259":{"start":{"line":260,"column":0},"end":{"line":260,"column":22}},"260":{"start":{"line":261,"column":0},"end":{"line":261,"column":17}},"263":{"start":{"line":264,"column":0},"end":{"line":264,"column":31}},"264":{"start":{"line":265,"column":0},"end":{"line":265,"column":78}},"265":{"start":{"line":266,"column":0},"end":{"line":266,"column":87}},"266":{"start":{"line":267,"column":0},"end":{"line":267,"column":24}},"267":{"start":{"line":268,"column":0},"end":{"line":268,"column":94}},"268":{"start":{"line":269,"column":0},"end":{"line":269,"column":17}},"269":{"start":{"line":270,"column":0},"end":{"line":270,"column":64}},"271":{"start":{"line":272,"column":0},"end":{"line":272,"column":47}},"272":{"start":{"line":273,"column":0},"end":{"line":273,"column":97}},"273":{"start":{"line":274,"column":0},"end":{"line":274,"column":13}},"276":{"start":{"line":277,"column":0},"end":{"line":277,"column":30}},"277":{"start":{"line":278,"column":0},"end":{"line":278,"column":81}},"278":{"start":{"line":279,"column":0},"end":{"line":279,"column":41}},"279":{"start":{"line":280,"column":0},"end":{"line":280,"column":44}},"280":{"start":{"line":281,"column":0},"end":{"line":281,"column":51}},"281":{"start":{"line":282,"column":0},"end":{"line":282,"column":57}},"282":{"start":{"line":283,"column":0},"end":{"line":283,"column":101}},"283":{"start":{"line":284,"column":0},"end":{"line":284,"column":13}},"284":{"start":{"line":285,"column":0},"end":{"line":285,"column":19}},"285":{"start":{"line":286,"column":0},"end":{"line":286,"column":110}},"286":{"start":{"line":287,"column":0},"end":{"line":287,"column":13}},"287":{"start":{"line":288,"column":0},"end":{"line":288,"column":19}},"288":{"start":{"line":289,"column":0},"end":{"line":289,"column":37}},"289":{"start":{"line":290,"column":0},"end":{"line":290,"column":9}},"290":{"start":{"line":291,"column":0},"end":{"line":291,"column":31}},"293":{"start":{"line":294,"column":0},"end":{"line":294,"column":87}},"294":{"start":{"line":295,"column":0},"end":{"line":295,"column":1}},"298":{"start":{"line":299,"column":0},"end":{"line":299,"column":51}},"299":{"start":{"line":300,"column":0},"end":{"line":300,"column":22}},"300":{"start":{"line":301,"column":0},"end":{"line":301,"column":318}},"301":{"start":{"line":302,"column":0},"end":{"line":302,"column":31}},"302":{"start":{"line":303,"column":0},"end":{"line":303,"column":28}},"303":{"start":{"line":304,"column":0},"end":{"line":304,"column":2}}},"s":{"0":1,"1":1,"3":1,"4":1,"6":1,"7":1,"11":1,"12":1,"13":1,"14":1,"15":1,"16":1,"17":1,"18":1,"19":1,"20":1,"21":1,"22":1,"24":1,"25":1,"26":1,"27":1,"28":1,"49":2,"50":2,"51":2,"52":2,"53":2,"56":3,"57":3,"58":3,"68":6,"70":6,"71":6,"73":0,"74":0,"75":0,"76":6,"78":6,"79":6,"82":6,"83":6,"84":6,"85":6,"86":6,"87":6,"88":6,"90":6,"91":6,"92":6,"93":6,"94":6,"95":6,"97":6,"98":6,"101":6,"102":6,"103":5,"104":6,"105":1,"106":1,"107":1,"108":0,"109":0,"111":5,"112":5,"113":5,"117":5,"119":5,"120":5,"121":5,"122":5,"123":5,"124":5,"125":5,"126":5,"127":5,"128":5,"129":5,"130":5,"132":5,"134":5,"135":0,"136":0,"137":0,"140":5,"141":1,"142":0,"144":0,"145":1,"147":1,"148":1,"150":1,"151":0,"152":1,"154":1,"155":1,"156":1,"158":1,"159":1,"160":1,"161":1,"163":4,"164":4,"165":0,"166":0,"167":0,"170":4,"171":4,"172":4,"173":4,"176":4,"178":4,"180":5,"182":5,"183":5,"184":5,"185":5,"187":5,"189":4,"190":4,"191":4,"192":4,"193":4,"195":5,"196":2,"197":2,"198":2,"199":5,"201":5,"202":3,"203":3,"204":3,"205":3,"206":3,"207":3,"208":3,"209":5,"211":4,"213":3,"214":3,"215":2,"216":2,"218":3,"220":2,"221":2,"222":2,"223":3,"225":1,"226":1,"227":1,"228":4,"229":1,"230":1,"231":4,"233":0,"234":0,"236":5,"237":4,"239":4,"241":4,"242":4,"244":5,"247":6,"248":4,"251":4,"252":4,"253":4,"254":4,"255":4,"256":4,"257":4,"258":4,"259":4,"260":4,"263":4,"264":4,"265":4,"266":4,"267":0,"268":0,"269":6,"271":1,"272":1,"273":1,"276":6,"277":1,"278":1,"279":1,"280":1,"281":1,"282":0,"283":0,"284":0,"285":0,"286":0,"287":6,"288":6,"289":6,"290":6,"293":6,"294":6,"298":1,"299":1,"300":1,"301":1,"302":1,"303":1},"branchMap":{"0":{"type":"branch","line":21,"loc":{"start":{"line":21,"column":10},"end":{"line":21,"column":91}},"locations":[{"start":{"line":21,"column":10},"end":{"line":21,"column":91}}]},"1":{"type":"branch","line":21,"loc":{"start":{"line":21,"column":42},"end":{"line":21,"column":91}},"locations":[{"start":{"line":21,"column":42},"end":{"line":21,"column":91}}]},"2":{"type":"branch","line":50,"loc":{"start":{"line":50,"column":0},"end":{"line":54,"column":1}},"locations":[{"start":{"line":50,"column":0},"end":{"line":54,"column":1}}]},"3":{"type":"branch","line":51,"loc":{"start":{"line":51,"column":15},"end":{"line":51,"column":25}},"locations":[{"start":{"line":51,"column":15},"end":{"line":51,"column":25}}]},"4":{"type":"branch","line":53,"loc":{"start":{"line":53,"column":26},"end":{"line":53,"column":33}},"locations":[{"start":{"line":53,"column":26},"end":{"line":53,"column":33}}]},"5":{"type":"branch","line":57,"loc":{"start":{"line":57,"column":0},"end":{"line":59,"column":1}},"locations":[{"start":{"line":57,"column":0},"end":{"line":59,"column":1}}]},"6":{"type":"branch","line":58,"loc":{"start":{"line":58,"column":35},"end":{"line":58,"column":56}},"locations":[{"start":{"line":58,"column":35},"end":{"line":58,"column":56}}]},"7":{"type":"branch","line":69,"loc":{"start":{"line":69,"column":0},"end":{"line":295,"column":1}},"locations":[{"start":{"line":69,"column":0},"end":{"line":295,"column":1}}]},"8":{"type":"branch","line":72,"loc":{"start":{"line":72,"column":35},"end":{"line":76,"column":5}},"locations":[{"start":{"line":72,"column":35},"end":{"line":76,"column":5}}]},"9":{"type":"branch","line":103,"loc":{"start":{"line":103,"column":73},"end":{"line":105,"column":21}},"locations":[{"start":{"line":103,"column":73},"end":{"line":105,"column":21}}]},"10":{"type":"branch","line":105,"loc":{"start":{"line":105,"column":12},"end":{"line":110,"column":13}},"locations":[{"start":{"line":105,"column":12},"end":{"line":110,"column":13}}]},"11":{"type":"branch","line":108,"loc":{"start":{"line":108,"column":16},"end":{"line":110,"column":13}},"locations":[{"start":{"line":108,"column":16},"end":{"line":110,"column":13}}]},"12":{"type":"branch","line":110,"loc":{"start":{"line":110,"column":12},"end":{"line":248,"column":40}},"locations":[{"start":{"line":110,"column":12},"end":{"line":248,"column":40}}]},"13":{"type":"branch","line":135,"loc":{"start":{"line":135,"column":41},"end":{"line":138,"column":17}},"locations":[{"start":{"line":135,"column":41},"end":{"line":138,"column":17}}]},"14":{"type":"branch","line":141,"loc":{"start":{"line":141,"column":21},"end":{"line":141,"column":70}},"locations":[{"start":{"line":141,"column":21},"end":{"line":141,"column":70}}]},"15":{"type":"branch","line":141,"loc":{"start":{"line":141,"column":70},"end":{"line":162,"column":17}},"locations":[{"start":{"line":141,"column":70},"end":{"line":162,"column":17}}]},"16":{"type":"branch","line":142,"loc":{"start":{"line":142,"column":56},"end":{"line":145,"column":21}},"locations":[{"start":{"line":142,"column":56},"end":{"line":145,"column":21}}]},"17":{"type":"branch","line":151,"loc":{"start":{"line":151,"column":56},"end":{"line":153,"column":35}},"locations":[{"start":{"line":151,"column":56},"end":{"line":153,"column":35}}]},"18":{"type":"branch","line":155,"loc":{"start":{"line":155,"column":50},"end":{"line":155,"column":70}},"locations":[{"start":{"line":155,"column":50},"end":{"line":155,"column":70}}]},"19":{"type":"branch","line":155,"loc":{"start":{"line":155,"column":72},"end":{"line":155,"column":85}},"locations":[{"start":{"line":155,"column":72},"end":{"line":155,"column":85}}]},"20":{"type":"branch","line":162,"loc":{"start":{"line":162,"column":16},"end":{"line":235,"column":17}},"locations":[{"start":{"line":162,"column":16},"end":{"line":235,"column":17}}]},"21":{"type":"branch","line":165,"loc":{"start":{"line":165,"column":35},"end":{"line":168,"column":21}},"locations":[{"start":{"line":165,"column":35},"end":{"line":168,"column":21}}]},"22":{"type":"branch","line":179,"loc":{"start":{"line":179,"column":95},"end":{"line":210,"column":21}},"locations":[{"start":{"line":179,"column":95},"end":{"line":210,"column":21}}]},"23":{"type":"branch","line":181,"loc":{"start":{"line":181,"column":35},"end":{"line":181,"column":44}},"locations":[{"start":{"line":181,"column":35},"end":{"line":181,"column":44}}]},"24":{"type":"branch","line":188,"loc":{"start":{"line":188,"column":59},"end":{"line":194,"column":29}},"locations":[{"start":{"line":188,"column":59},"end":{"line":194,"column":29}}]},"25":{"type":"branch","line":196,"loc":{"start":{"line":196,"column":57},"end":{"line":199,"column":29}},"locations":[{"start":{"line":196,"column":57},"end":{"line":199,"column":29}}]},"26":{"type":"branch","line":202,"loc":{"start":{"line":202,"column":37},"end":{"line":209,"column":25}},"locations":[{"start":{"line":202,"column":37},"end":{"line":209,"column":25}}]},"27":{"type":"branch","line":212,"loc":{"start":{"line":212,"column":48},"end":{"line":229,"column":27}},"locations":[{"start":{"line":212,"column":48},"end":{"line":229,"column":27}}]},"28":{"type":"branch","line":215,"loc":{"start":{"line":215,"column":28},"end":{"line":215,"column":84}},"locations":[{"start":{"line":215,"column":28},"end":{"line":215,"column":84}}]},"29":{"type":"branch","line":215,"loc":{"start":{"line":215,"column":84},"end":{"line":217,"column":25}},"locations":[{"start":{"line":215,"column":84},"end":{"line":217,"column":25}}]},"30":{"type":"branch","line":219,"loc":{"start":{"line":219,"column":59},"end":{"line":224,"column":31}},"locations":[{"start":{"line":219,"column":59},"end":{"line":224,"column":31}}]},"31":{"type":"branch","line":224,"loc":{"start":{"line":224,"column":24},"end":{"line":228,"column":25}},"locations":[{"start":{"line":224,"column":24},"end":{"line":228,"column":25}}]},"32":{"type":"branch","line":229,"loc":{"start":{"line":229,"column":20},"end":{"line":231,"column":21}},"locations":[{"start":{"line":229,"column":20},"end":{"line":231,"column":21}}]},"33":{"type":"branch","line":232,"loc":{"start":{"line":232,"column":16},"end":{"line":235,"column":17}},"locations":[{"start":{"line":232,"column":16},"end":{"line":235,"column":17}}]},"34":{"type":"branch","line":237,"loc":{"start":{"line":237,"column":37},"end":{"line":243,"column":17}},"locations":[{"start":{"line":237,"column":37},"end":{"line":243,"column":17}}]},"35":{"type":"branch","line":248,"loc":{"start":{"line":248,"column":16},"end":{"line":248,"column":67}},"locations":[{"start":{"line":248,"column":16},"end":{"line":248,"column":67}}]},"36":{"type":"branch","line":248,"loc":{"start":{"line":248,"column":59},"end":{"line":248,"column":93}},"locations":[{"start":{"line":248,"column":59},"end":{"line":248,"column":93}}]},"37":{"type":"branch","line":248,"loc":{"start":{"line":248,"column":93},"end":{"line":270,"column":23}},"locations":[{"start":{"line":248,"column":93},"end":{"line":270,"column":23}}]},"38":{"type":"branch","line":267,"loc":{"start":{"line":267,"column":16},"end":{"line":269,"column":17}},"locations":[{"start":{"line":267,"column":16},"end":{"line":269,"column":17}}]},"39":{"type":"branch","line":270,"loc":{"start":{"line":270,"column":12},"end":{"line":274,"column":13}},"locations":[{"start":{"line":270,"column":12},"end":{"line":274,"column":13}}]},"40":{"type":"branch","line":277,"loc":{"start":{"line":277,"column":8},"end":{"line":288,"column":10}},"locations":[{"start":{"line":277,"column":8},"end":{"line":288,"column":10}}]},"41":{"type":"branch","line":282,"loc":{"start":{"line":282,"column":12},"end":{"line":287,"column":13}},"locations":[{"start":{"line":282,"column":12},"end":{"line":287,"column":13}}]},"42":{"type":"branch","line":83,"loc":{"start":{"line":83,"column":41},"end":{"line":89,"column":7}},"locations":[{"start":{"line":83,"column":41},"end":{"line":89,"column":7}}]}},"b":{"0":[6],"1":[2],"2":[2],"3":[0],"4":[0],"5":[3],"6":[3],"7":[6],"8":[0],"9":[5],"10":[1],"11":[0],"12":[5],"13":[0],"14":[1],"15":[1],"16":[0],"17":[0],"18":[0],"19":[0],"20":[4],"21":[0],"22":[5],"23":[0],"24":[4],"25":[2],"26":[3],"27":[3],"28":[2],"29":[2],"30":[2],"31":[1],"32":[1],"33":[0],"34":[4],"35":[4],"36":[4],"37":[4],"38":[0],"39":[1],"40":[1],"41":[0],"42":[6]},"fnMap":{"0":{"name":"__vite_ssr_import_1__.z.object.refine.message","decl":{"start":{"line":21,"column":10},"end":{"line":21,"column":91}},"loc":{"start":{"line":21,"column":10},"end":{"line":21,"column":91}},"line":21},"1":{"name":"getIndentation","decl":{"start":{"line":50,"column":0},"end":{"line":54,"column":1}},"loc":{"start":{"line":50,"column":0},"end":{"line":54,"column":1}},"line":50},"2":{"name":"applyIndentation","decl":{"start":{"line":57,"column":0},"end":{"line":59,"column":1}},"loc":{"start":{"line":57,"column":0},"end":{"line":59,"column":1}},"line":57},"3":{"name":"handleEditFile","decl":{"start":{"line":69,"column":0},"end":{"line":295,"column":1}},"loc":{"start":{"line":69,"column":0},"end":{"line":295,"column":1}},"line":69}},"f":{"0":6,"1":2,"2":3,"3":6}}
,"C:\\Users\\shtse\\filesystem\\src\\handlers\\index.ts": {"path":"C:\\Users\\shtse\\filesystem\\src\\handlers\\index.ts","all":true,"statementMap":{"0":{"start":{"line":1,"column":0},"end":{"line":1,"column":57}},"1":{"start":{"line":2,"column":0},"end":{"line":2,"column":57}},"2":{"start":{"line":3,"column":0},"end":{"line":3,"column":61}},"3":{"start":{"line":4,"column":0},"end":{"line":4,"column":63}},"4":{"start":{"line":5,"column":0},"end":{"line":5,"column":61}},"5":{"start":{"line":6,"column":0},"end":{"line":6,"column":73}},"6":{"start":{"line":7,"column":0},"end":{"line":7,"column":59}},"7":{"start":{"line":8,"column":0},"end":{"line":8,"column":59}},"8":{"start":{"line":9,"column":0},"end":{"line":9,"column":57}},"9":{"start":{"line":10,"column":0},"end":{"line":10,"column":57}},"10":{"start":{"line":11,"column":0},"end":{"line":11,"column":61}},"11":{"start":{"line":12,"column":0},"end":{"line":12,"column":67}},"12":{"start":{"line":13,"column":0},"end":{"line":13,"column":51}},"25":{"start":{"line":26,"column":0},"end":{"line":26,"column":53}},"26":{"start":{"line":27,"column":0},"end":{"line":27,"column":28}},"27":{"start":{"line":28,"column":0},"end":{"line":28,"column":28}},"28":{"start":{"line":29,"column":0},"end":{"line":29,"column":30}},"29":{"start":{"line":30,"column":0},"end":{"line":30,"column":31}},"30":{"start":{"line":31,"column":0},"end":{"line":31,"column":30}},"31":{"start":{"line":32,"column":0},"end":{"line":32,"column":36}},"32":{"start":{"line":33,"column":0},"end":{"line":33,"column":29}},"33":{"start":{"line":34,"column":0},"end":{"line":34,"column":29}},"34":{"start":{"line":35,"column":0},"end":{"line":35,"column":28}},"35":{"start":{"line":36,"column":0},"end":{"line":36,"column":28}},"36":{"start":{"line":37,"column":0},"end":{"line":37,"column":30}},"37":{"start":{"line":38,"column":0},"end":{"line":38,"column":33}},"38":{"start":{"line":39,"column":0},"end":{"line":39,"column":23}},"39":{"start":{"line":40,"column":0},"end":{"line":40,"column":2}}},"s":{"0":0,"1":0,"2":0,"3":0,"4":0,"5":0,"6":0,"7":0,"8":0,"9":0,"10":0,"11":0,"12":0,"25":0,"26":0,"27":0,"28":0,"29":0,"30":0,"31":0,"32":0,"33":0,"34":0,"35":0,"36":0,"37":0,"38":0,"39":0},"branchMap":{"0":{"type":"branch","line":1,"loc":{"start":{"line":1,"column":0},"end":{"line":40,"column":-907}},"locations":[{"start":{"line":1,"column":0},"end":{"line":40,"column":-907}}]}},"b":{"0":[0]},"fnMap":{"0":{"name":"(empty-report)","decl":{"start":{"line":1,"column":0},"end":{"line":40,"column":-907}},"loc":{"start":{"line":1,"column":0},"end":{"line":40,"column":-907}},"line":1}},"f":{"0":0}}
,"C:\\Users\\shtse\\filesystem\\src\\handlers\\listFiles.ts": {"path":"C:\\Users\\shtse\\filesystem\\src\\handlers\\listFiles.ts","all":false,"statementMap":{"2":{"start":{"line":3,"column":0},"end":{"line":3,"column":82}},"3":{"start":{"line":4,"column":0},"end":{"line":4,"column":24}},"4":{"start":{"line":5,"column":0},"end":{"line":5,"column":24}},"5":{"start":{"line":6,"column":0},"end":{"line":6,"column":69}},"6":{"start":{"line":7,"column":0},"end":{"line":7,"column":73}},"7":{"start":{"line":8,"column":0},"end":{"line":8,"column":104}},"8":{"start":{"line":9,"column":0},"end":{"line":9,"column":72}},"11":{"start":{"line":12,"column":0},"end":{"line":12,"column":45}},"12":{"start":{"line":13,"column":0},"end":{"line":13,"column":87}},"13":{"start":{"line":14,"column":0},"end":{"line":14,"column":93}},"14":{"start":{"line":15,"column":0},"end":{"line":15,"column":112}},"15":{"start":{"line":16,"column":0},"end":{"line":16,"column":12}},"36":{"start":{"line":37,"column":0},"end":{"line":37,"column":90}},"37":{"start":{"line":38,"column":0},"end":{"line":38,"column":32}},"38":{"start":{"line":39,"column":0},"end":{"line":39,"column":7}},"39":{"start":{"line":40,"column":0},"end":{"line":40,"column":49}},"40":{"start":{"line":41,"column":0},"end":{"line":41,"column":19}},"41":{"start":{"line":42,"column":0},"end":{"line":42,"column":38}},"42":{"start":{"line":43,"column":0},"end":{"line":43,"column":146}},"43":{"start":{"line":44,"column":0},"end":{"line":44,"column":5}},"44":{"start":{"line":45,"column":0},"end":{"line":45,"column":78}},"45":{"start":{"line":46,"column":0},"end":{"line":46,"column":3}},"47":{"start":{"line":48,"column":0},"end":{"line":48,"column":89}},"48":{"start":{"line":49,"column":0},"end":{"line":49,"column":65}},"50":{"start":{"line":51,"column":0},"end":{"line":51,"column":7}},"51":{"start":{"line":52,"column":0},"end":{"line":52,"column":61}},"53":{"start":{"line":54,"column":0},"end":{"line":54,"column":32}},"54":{"start":{"line":55,"column":0},"end":{"line":55,"column":96}},"55":{"start":{"line":56,"column":0},"end":{"line":56,"column":62}},"56":{"start":{"line":57,"column":0},"end":{"line":57,"column":63}},"57":{"start":{"line":58,"column":0},"end":{"line":58,"column":5}},"59":{"start":{"line":60,"column":0},"end":{"line":60,"column":37}},"60":{"start":{"line":61,"column":0},"end":{"line":61,"column":108}},"63":{"start":{"line":64,"column":0},"end":{"line":64,"column":40}},"65":{"start":{"line":66,"column":0},"end":{"line":66,"column":124}},"66":{"start":{"line":67,"column":0},"end":{"line":67,"column":40}},"68":{"start":{"line":69,"column":0},"end":{"line":69,"column":38}},"69":{"start":{"line":70,"column":0},"end":{"line":70,"column":79}},"70":{"start":{"line":71,"column":0},"end":{"line":71,"column":38}},"71":{"start":{"line":72,"column":0},"end":{"line":72,"column":19}},"73":{"start":{"line":74,"column":0},"end":{"line":74,"column":44}},"74":{"start":{"line":75,"column":0},"end":{"line":75,"column":41}},"75":{"start":{"line":76,"column":0},"end":{"line":76,"column":72}},"76":{"start":{"line":77,"column":0},"end":{"line":77,"column":42}},"77":{"start":{"line":78,"column":0},"end":{"line":78,"column":26}},"79":{"start":{"line":80,"column":0},"end":{"line":80,"column":87}},"80":{"start":{"line":81,"column":0},"end":{"line":81,"column":70}},"81":{"start":{"line":82,"column":0},"end":{"line":82,"column":60}},"82":{"start":{"line":83,"column":0},"end":{"line":83,"column":19}},"83":{"start":{"line":84,"column":0},"end":{"line":84,"column":40}},"84":{"start":{"line":85,"column":0},"end":{"line":85,"column":154}},"85":{"start":{"line":86,"column":0},"end":{"line":86,"column":15}},"86":{"start":{"line":87,"column":0},"end":{"line":87,"column":130}},"87":{"start":{"line":88,"column":0},"end":{"line":88,"column":50}},"88":{"start":{"line":89,"column":0},"end":{"line":89,"column":11}},"89":{"start":{"line":90,"column":0},"end":{"line":90,"column":14}},"90":{"start":{"line":91,"column":0},"end":{"line":91,"column":55}},"91":{"start":{"line":92,"column":0},"end":{"line":92,"column":15}},"92":{"start":{"line":93,"column":0},"end":{"line":93,"column":46}},"93":{"start":{"line":94,"column":0},"end":{"line":94,"column":42}},"94":{"start":{"line":95,"column":0},"end":{"line":95,"column":28}},"95":{"start":{"line":96,"column":0},"end":{"line":96,"column":30}},"96":{"start":{"line":97,"column":0},"end":{"line":97,"column":31}},"97":{"start":{"line":98,"column":0},"end":{"line":98,"column":30}},"98":{"start":{"line":99,"column":0},"end":{"line":99,"column":39}},"99":{"start":{"line":100,"column":0},"end":{"line":100,"column":33}},"100":{"start":{"line":101,"column":0},"end":{"line":101,"column":16}},"101":{"start":{"line":102,"column":0},"end":{"line":102,"column":78}},"103":{"start":{"line":104,"column":0},"end":{"line":104,"column":50}},"104":{"start":{"line":105,"column":0},"end":{"line":105,"column":42}},"105":{"start":{"line":106,"column":0},"end":{"line":106,"column":115}},"106":{"start":{"line":107,"column":0},"end":{"line":107,"column":59}},"107":{"start":{"line":108,"column":0},"end":{"line":108,"column":93}},"108":{"start":{"line":109,"column":0},"end":{"line":109,"column":95}},"110":{"start":{"line":111,"column":0},"end":{"line":111,"column":76}},"111":{"start":{"line":112,"column":0},"end":{"line":112,"column":31}},"112":{"start":{"line":113,"column":0},"end":{"line":113,"column":19}},"114":{"start":{"line":115,"column":0},"end":{"line":115,"column":42}},"115":{"start":{"line":116,"column":0},"end":{"line":116,"column":23}},"116":{"start":{"line":117,"column":0},"end":{"line":117,"column":71}},"117":{"start":{"line":118,"column":0},"end":{"line":118,"column":61}},"118":{"start":{"line":119,"column":0},"end":{"line":119,"column":41}},"119":{"start":{"line":120,"column":0},"end":{"line":120,"column":99}},"120":{"start":{"line":121,"column":0},"end":{"line":121,"column":23}},"121":{"start":{"line":122,"column":0},"end":{"line":122,"column":44}},"122":{"start":{"line":123,"column":0},"end":{"line":123,"column":131}},"123":{"start":{"line":124,"column":0},"end":{"line":124,"column":41}},"124":{"start":{"line":125,"column":0},"end":{"line":125,"column":95}},"125":{"start":{"line":126,"column":0},"end":{"line":126,"column":23}},"126":{"start":{"line":127,"column":0},"end":{"line":127,"column":19}},"127":{"start":{"line":128,"column":0},"end":{"line":128,"column":67}},"129":{"start":{"line":130,"column":0},"end":{"line":130,"column":66}},"130":{"start":{"line":131,"column":0},"end":{"line":131,"column":41}},"131":{"start":{"line":132,"column":0},"end":{"line":132,"column":19}},"132":{"start":{"line":133,"column":0},"end":{"line":133,"column":37}},"133":{"start":{"line":134,"column":0},"end":{"line":134,"column":78}},"134":{"start":{"line":135,"column":0},"end":{"line":135,"column":26}},"135":{"start":{"line":136,"column":0},"end":{"line":136,"column":58}},"136":{"start":{"line":137,"column":0},"end":{"line":137,"column":19}},"137":{"start":{"line":138,"column":0},"end":{"line":138,"column":15}},"138":{"start":{"line":139,"column":0},"end":{"line":139,"column":36}},"139":{"start":{"line":140,"column":0},"end":{"line":140,"column":128}},"140":{"start":{"line":141,"column":0},"end":{"line":141,"column":30}},"141":{"start":{"line":142,"column":0},"end":{"line":142,"column":11}},"142":{"start":{"line":143,"column":0},"end":{"line":143,"column":7}},"144":{"start":{"line":145,"column":0},"end":{"line":145,"column":81}},"145":{"start":{"line":146,"column":0},"end":{"line":146,"column":61}},"146":{"start":{"line":147,"column":0},"end":{"line":147,"column":63}},"147":{"start":{"line":148,"column":0},"end":{"line":148,"column":5}},"149":{"start":{"line":150,"column":0},"end":{"line":150,"column":112}},"151":{"start":{"line":152,"column":0},"end":{"line":152,"column":24}},"152":{"start":{"line":153,"column":0},"end":{"line":153,"column":136}},"153":{"start":{"line":154,"column":0},"end":{"line":154,"column":47}},"154":{"start":{"line":155,"column":0},"end":{"line":155,"column":91}},"155":{"start":{"line":156,"column":0},"end":{"line":156,"column":110}},"156":{"start":{"line":157,"column":0},"end":{"line":157,"column":3}},"157":{"start":{"line":158,"column":0},"end":{"line":158,"column":2}},"160":{"start":{"line":161,"column":0},"end":{"line":161,"column":46}},"162":{"start":{"line":163,"column":0},"end":{"line":163,"column":49}},"163":{"start":{"line":164,"column":0},"end":{"line":164,"column":100}},"164":{"start":{"line":165,"column":0},"end":{"line":165,"column":59}},"165":{"start":{"line":166,"column":0},"end":{"line":166,"column":21}},"166":{"start":{"line":167,"column":0},"end":{"line":167,"column":37}},"167":{"start":{"line":168,"column":0},"end":{"line":168,"column":38}},"168":{"start":{"line":169,"column":0},"end":{"line":169,"column":37}},"169":{"start":{"line":170,"column":0},"end":{"line":170,"column":15}},"170":{"start":{"line":171,"column":0},"end":{"line":171,"column":28}},"171":{"start":{"line":172,"column":0},"end":{"line":172,"column":34}},"172":{"start":{"line":173,"column":0},"end":{"line":173,"column":34}},"173":{"start":{"line":174,"column":0},"end":{"line":174,"column":36}},"174":{"start":{"line":175,"column":0},"end":{"line":175,"column":36}},"175":{"start":{"line":176,"column":0},"end":{"line":176,"column":9}},"176":{"start":{"line":177,"column":0},"end":{"line":177,"column":6}},"177":{"start":{"line":178,"column":0},"end":{"line":178,"column":51}},"178":{"start":{"line":179,"column":0},"end":{"line":179,"column":2}},"180":{"start":{"line":181,"column":0},"end":{"line":181,"column":40}},"181":{"start":{"line":182,"column":0},"end":{"line":182,"column":23}},"182":{"start":{"line":183,"column":0},"end":{"line":183,"column":94}},"183":{"start":{"line":184,"column":0},"end":{"line":184,"column":32}},"184":{"start":{"line":185,"column":0},"end":{"line":185,"column":31}},"185":{"start":{"line":186,"column":0},"end":{"line":186,"column":2}}},"s":{"2":1,"3":1,"4":1,"5":1,"6":1,"7":1,"8":1,"11":1,"12":1,"13":1,"14":1,"15":1,"36":1,"37":5,"38":5,"39":5,"40":5,"41":0,"42":0,"43":0,"44":0,"45":0,"47":5,"48":5,"50":5,"51":5,"53":5,"54":1,"55":1,"56":1,"57":1,"59":2,"60":2,"63":2,"65":1,"66":1,"68":2,"69":2,"70":2,"71":2,"73":2,"74":1,"75":1,"76":1,"77":1,"79":0,"80":0,"81":0,"82":0,"83":2,"84":0,"85":0,"86":2,"87":2,"88":2,"89":1,"90":1,"91":1,"92":1,"93":1,"94":1,"95":1,"96":1,"97":1,"98":1,"99":1,"100":1,"101":1,"103":1,"104":3,"105":3,"106":3,"107":3,"108":3,"110":3,"111":0,"112":0,"114":3,"115":3,"116":3,"117":3,"118":3,"119":3,"120":3,"121":3,"122":0,"123":0,"124":0,"125":0,"126":0,"127":3,"129":3,"130":1,"131":1,"132":3,"133":3,"134":3,"135":0,"136":0,"137":3,"138":1,"139":0,"140":0,"141":0,"142":1,"144":2,"145":2,"146":2,"147":2,"149":0,"151":5,"152":2,"153":0,"154":0,"155":0,"156":0,"157":5,"160":1,"162":5,"163":5,"164":5,"165":5,"166":5,"167":5,"168":5,"169":5,"170":5,"171":5,"172":5,"173":5,"174":5,"175":5,"176":5,"177":5,"178":5,"180":1,"181":1,"182":1,"183":1,"184":1,"185":1},"branchMap":{"0":{"type":"branch","line":37,"loc":{"start":{"line":37,"column":35},"end":{"line":158,"column":2}},"locations":[{"start":{"line":37,"column":35},"end":{"line":158,"column":2}}]},"1":{"type":"branch","line":41,"loc":{"start":{"line":41,"column":2},"end":{"line":46,"column":3}},"locations":[{"start":{"line":41,"column":2},"end":{"line":46,"column":3}}]},"2":{"type":"branch","line":52,"loc":{"start":{"line":52,"column":59},"end":{"line":54,"column":31}},"locations":[{"start":{"line":52,"column":59},"end":{"line":54,"column":31}}]},"3":{"type":"branch","line":54,"loc":{"start":{"line":54,"column":31},"end":{"line":58,"column":5}},"locations":[{"start":{"line":54,"column":31},"end":{"line":58,"column":5}}]},"4":{"type":"branch","line":58,"loc":{"start":{"line":58,"column":4},"end":{"line":148,"column":5}},"locations":[{"start":{"line":58,"column":4},"end":{"line":148,"column":5}}]},"5":{"type":"branch","line":64,"loc":{"start":{"line":64,"column":11},"end":{"line":64,"column":39}},"locations":[{"start":{"line":64,"column":11},"end":{"line":64,"column":39}}]},"6":{"type":"branch","line":64,"loc":{"start":{"line":64,"column":39},"end":{"line":143,"column":7}},"locations":[{"start":{"line":64,"column":39},"end":{"line":143,"column":7}}]},"7":{"type":"branch
[...]
,"123":1,"124":1,"125":1},"branchMap":{"0":{"type":"branch","line":25,"loc":{"start":{"line":25,"column":30},"end":{"line":118,"column":2}},"locations":[{"start":{"line":25,"column":30},"end":{"line":118,"column":2}}]},"1":{"type":"branch","line":30,"loc":{"start":{"line":30,"column":4},"end":{"line":35,"column":5}},"locations":[{"start":{"line":30,"column":4},"end":{"line":35,"column":5}}]},"2":{"type":"branch","line":38,"loc":{"start":{"line":38,"column":70},"end":{"line":40,"column":5}},"locations":[{"start":{"line":38,"column":70},"end":{"line":40,"column":5}}]},"3":{"type":"branch","line":46,"loc":{"start":{"line":46,"column":22},"end":{"line":46,"column":51}},"locations":[{"start":{"line":46,"column":22},"end":{"line":46,"column":51}}]},"4":{"type":"branch","line":47,"loc":{"start":{"line":47,"column":24},"end":{"line":47,"column":78}},"locations":[{"start":{"line":47,"column":24},"end":{"line":47,"column":78}}]},"5":{"type":"branch","line":49,"loc":{"start":{"line":49,"column":4},"end":{"line":51,"column":5}},"locations":[{"start":{"line":49,"column":4},"end":{"line":51,"column":5}}]},"6":{"type":"branch","line":51,"loc":{"start":{"line":51,"column":4},"end":{"line":75,"column":11}},"locations":[{"start":{"line":51,"column":4},"end":{"line":75,"column":11}}]},"7":{"type":"branch","line":75,"loc":{"start":{"line":75,"column":9},"end":{"line":77,"column":46}},"locations":[{"start":{"line":75,"column":9},"end":{"line":77,"column":46}}]},"8":{"type":"branch","line":77,"loc":{"start":{"line":77,"column":46},"end":{"line":110,"column":9}},"locations":[{"start":{"line":77,"column":46},"end":{"line":110,"column":9}}]},"9":{"type":"branch","line":83,"loc":{"start":{"line":83,"column":55},"end":{"line":103,"column":17}},"locations":[{"start":{"line":83,"column":55},"end":{"line":103,"column":17}}]},"10":{"type":"branch","line":87,"loc":{"start":{"line":87,"column":44},"end":{"line":87,"column":70}},"locations":[{"start":{"line":87,"column":44},"end":{"line":87,"column":70}}]},"11":{"type":"branch","line":89,"loc":{"start":{"line":89,"column":76},"end":{"line":102,"column":21}},"locations":[{"start":{"line":89,"column":76},"end":{"line":102,"column":21}}]},"12":{"type":"branch","line":97,"loc":{"start":{"line":97,"column":49},"end":{"line":101,"column":25}},"locations":[{"start":{"line":97,"column":49},"end":{"line":101,"column":25}}]},"13":{"type":"branch","line":104,"loc":{"start":{"line":104,"column":12},"end":{"line":109,"column":13}},"locations":[{"start":{"line":104,"column":12},"end":{"line":109,"column":13}}]},"14":{"type":"branch","line":110,"loc":{"start":{"line":110,"column":8},"end":{"line":118,"column":2}},"locations":[{"start":{"line":110,"column":8},"end":{"line":118,"column":2}}]},"15":{"type":"branch","line":112,"loc":{"start":{"line":112,"column":45},"end":{"line":115,"column":5}},"locations":[{"start":{"line":112,"column":45},"end":{"line":115,"column":5}}]}},"b":{"0":[10],"1":[0],"2":[0],"3":[0],"4":[0],"5":[2],"6":[8],"7":[4],"8":[11],"9":[30],"10":[0],"11":[5],"12":[0],"13":[0],"14":[4],"15":[0]},"fnMap":{"0":{"name":"handleSearchFilesFunc","decl":{"start":{"line":25,"column":30},"end":{"line":118,"column":2}},"loc":{"start":{"line":25,"column":30},"end":{"line":118,"column":2}},"line":25}},"f":{"0":10}}
,"C:\\Users\\shtse\\filesystem\\src\\handlers\\statItems.ts": {"path":"C:\\Users\\shtse\\filesystem\\src\\handlers\\statItems.ts","all":false,"statementMap":{"0":{"start":{"line":1,"column":0},"end":{"line":1,"column":36}},"1":{"start":{"line":2,"column":0},"end":{"line":2,"column":24}},"2":{"start":{"line":3,"column":0},"end":{"line":3,"column":73}},"3":{"start":{"line":4,"column":0},"end":{"line":4,"column":52}},"4":{"start":{"line":5,"column":0},"end":{"line":5,"column":53}},"12":{"start":{"line":13,"column":0},"end":{"line":13,"column":45}},"13":{"start":{"line":14,"column":0},"end":{"line":14,"column":161}},"14":{"start":{"line":15,"column":0},"end":{"line":15,"column":12}},"21":{"start":{"line":22,"column":0},"end":{"line":22,"column":54}},"23":{"start":{"line":24,"column":0},"end":{"line":24,"column":34}},"24":{"start":{"line":25,"column":0},"end":{"line":25,"column":9}},"25":{"start":{"line":26,"column":0},"end":{"line":26,"column":53}},"26":{"start":{"line":27,"column":0},"end":{"line":27,"column":21}},"27":{"start":{"line":28,"column":0},"end":{"line":28,"column":42}},"28":{"start":{"line":29,"column":0},"end":{"line":29,"column":152}},"29":{"start":{"line":30,"column":0},"end":{"line":30,"column":9}},"30":{"start":{"line":31,"column":0},"end":{"line":31,"column":82}},"31":{"start":{"line":32,"column":0},"end":{"line":32,"column":5}},"32":{"start":{"line":33,"column":0},"end":{"line":33,"column":46}},"41":{"start":{"line":42,"column":0},"end":{"line":42,"column":37}},"43":{"start":{"line":44,"column":0},"end":{"line":44,"column":70}},"44":{"start":{"line":45,"column":0},"end":{"line":45,"column":103}},"45":{"start":{"line":46,"column":0},"end":{"line":46,"column":13}},"46":{"start":{"line":47,"column":0},"end":{"line":47,"column":57}},"47":{"start":{"line":48,"column":0},"end":{"line":48,"column":52}},"48":{"start":{"line":49,"column":0},"end":{"line":49,"column":119}},"49":{"start":{"line":50,"column":0},"end":{"line":50,"column":30}},"50":{"start":{"line":51,"column":0},"end":{"line":51,"column":42}},"51":{"start":{"line":52,"column":0},"end":{"line":52,"column":93}},"52":{"start":{"line":53,"column":0},"end":{"line":53,"column":51}},"53":{"start":{"line":54,"column":0},"end":{"line":54,"column":90}},"54":{"start":{"line":55,"column":0},"end":{"line":55,"column":20}},"55":{"start":{"line":56,"column":0},"end":{"line":56,"column":105}},"56":{"start":{"line":57,"column":0},"end":{"line":57,"column":116}},"57":{"start":{"line":58,"column":0},"end":{"line":58,"column":13}},"58":{"start":{"line":59,"column":0},"end":{"line":59,"column":9}},"59":{"start":{"line":60,"column":0},"end":{"line":60,"column":8}},"62":{"start":{"line":63,"column":0},"end":{"line":63,"column":86}},"64":{"start":{"line":65,"column":0},"end":{"line":65,"column":83}},"65":{"start":{"line":66,"column":0},"end":{"line":66,"column":2}},"68":{"start":{"line":69,"column":0},"end":{"line":69,"column":40}},"69":{"start":{"line":70,"column":0},"end":{"line":70,"column":23}},"70":{"start":{"line":71,"column":0},"end":{"line":71,"column":81}},"71":{"start":{"line":72,"column":0},"end":{"line":72,"column":32}},"72":{"start":{"line":73,"column":0},"end":{"line":73,"column":33}},"73":{"start":{"line":74,"column":0},"end":{"line":74,"column":2}}},"s":{"0":1,"1":1,"2":1,"3":1,"4":1,"12":1,"13":1,"14":1,"21":1,"23":6,"24":6,"25":6,"26":6,"27":2,"28":2,"29":2,"30":0,"31":0,"32":4,"41":4,"43":4,"44":9,"45":9,"46":9,"47":9,"48":5,"49":9,"50":4,"51":2,"52":2,"53":2,"54":2,"55":0,"56":0,"57":0,"58":4,"59":4,"62":4,"64":4,"65":4,"68":1,"69":1,"70":1,"71":1,"72":1,"73":1},"branchMap":{"0":{"type":"branch","line":22,"loc":{"start":{"line":22,"column":28},"end":{"line":66,"column":2}},"locations":[{"start":{"line":22,"column":28},"end":{"line":66,"column":2}}]},"1":{"type":"branch","line":27,"loc":{"start":{"line":27,"column":4},"end":{"line":32,"column":5}},"locations":[{"start":{"line":27,"column":4},"end":{"line":32,"column":5}}]},"2":{"type":"branch","line":30,"loc":{"start":{"line":30,"column":8},"end":{"line":32,"column":5}},"locations":[{"start":{"line":30,"column":8},"end":{"line":32,"column":5}}]},"3":{"type":"branch","line":32,"loc":{"start":{"line":32,"column":4},"end":{"line":66,"column":2}},"locations":[{"start":{"line":32,"column":4},"end":{"line":66,"column":2}}]},"4":{"type":"branch","line":29,"loc":{"start":{"line":29,"column":95},"end":{"line":29,"column":136}},"locations":[{"start":{"line":29,"column":95},"end":{"line":29,"column":136}}]},"5":{"type":"branch","line":44,"loc":{"start":{"line":44,"column":45},"end":{"line":60,"column":5}},"locations":[{"start":{"line":44,"column":45},"end":{"line":60,"column":5}}]},"6":{"type":"branch","line":48,"loc":{"start":{"line":48,"column":50},"end":{"line":50,"column":17}},"locations":[{"start":{"line":48,"column":50},"end":{"line":50,"column":17}}]},"7":{"type":"branch","line":50,"loc":{"start":{"line":50,"column":8},"end":{"line":59,"column":9}},"locations":[{"start":{"line":50,"column":8},"end":{"line":59,"column":9}}]},"8":{"type":"branch","line":51,"loc":{"start":{"line":51,"column":41},"end":{"line":58,"column":13}},"locations":[{"start":{"line":51,"column":41},"end":{"line":58,"column":13}}]},"9":{"type":"branch","line":55,"loc":{"start":{"line":55,"column":12},"end":{"line":58,"column":13}},"locations":[{"start":{"line":55,"column":12},"end":{"line":58,"column":13}}]},"10":{"type":"branch","line":63,"loc":{"start":{"line":63,"column":17},"end":{"line":63,"column":84}},"locations":[{"start":{"line":63,"column":17},"end":{"line":63,"column":84}}]}},"b":{"0":[6],"1":[2],"2":[0],"3":[4],"4":[2],"5":[9],"6":[5],"7":[4],"8":[2],"9":[0],"10":[5]},"fnMap":{"0":{"name":"handleStatItemsFunc","decl":{"start":{"line":22,"column":28},"end":{"line":66,"column":2}},"loc":{"start":{"line":22,"column":28},"end":{"line":66,"column":2}},"line":22}},"f":{"0":6}}
,"C:\\Users\\shtse\\filesystem\\src\\handlers\\writeContent.ts": {"path":"C:\\Users\\shtse\\filesystem\\src\\handlers\\writeContent.ts","all":false,"statementMap":{"0":{"start":{"line":1,"column":0},"end":{"line":1,"column":36}},"1":{"start":{"line":2,"column":0},"end":{"line":2,"column":24}},"2":{"start":{"line":3,"column":0},"end":{"line":3,"column":24}},"3":{"start":{"line":4,"column":0},"end":{"line":4,"column":73}},"4":{"start":{"line":5,"column":0},"end":{"line":5,"column":66}},"13":{"start":{"line":14,"column":0},"end":{"line":14,"column":41}},"14":{"start":{"line":15,"column":0},"end":{"line":15,"column":58}},"15":{"start":{"line":16,"column":0},"end":{"line":16,"column":51}},"16":{"start":{"line":17,"column":0},"end":{"line":17,"column":98}},"17":{"start":{"line":18,"column":0},"end":{"line":18,"column":12}},"20":{"start":{"line":21,"column":0},"end":{"line":21,"column":48}},"21":{"start":{"line":22,"column":0},"end":{"line":22,"column":139}},"22":{"start":{"line":23,"column":0},"end":{"line":23,"column":12}},"28":{"start":{"line":29,"column":0},"end":{"line":29,"column":57}},"30":{"start":{"line":31,"column":0},"end":{"line":31,"column":35}},"31":{"start":{"line":32,"column":0},"end":{"line":32,"column":7}},"32":{"start":{"line":33,"column":0},"end":{"line":33,"column":54}},"33":{"start":{"line":34,"column":0},"end":{"line":34,"column":19}},"34":{"start":{"line":35,"column":0},"end":{"line":35,"column":40}},"35":{"start":{"line":36,"column":0},"end":{"line":36,"column":150}},"36":{"start":{"line":37,"column":0},"end":{"line":37,"column":7}},"37":{"start":{"line":38,"column":0},"end":{"line":38,"column":80}},"38":{"start":{"line":39,"column":0},"end":{"line":39,"column":3}},"39":{"start":{"line":40,"column":0},"end":{"line":40,"column":45}},"49":{"start":{"line":50,"column":0},"end":{"line":50,"column":99}},"50":{"start":{"line":51,"column":0},"end":{"line":51,"column":35}},"51":{"start":{"line":52,"column":0},"end":{"line":52,"column":33}},"52":{"start":{"line":53,"column":0},"end":{"line":53,"column":65}},"53":{"start":{"line":54,"column":0},"end":{"line":54,"column":99}},"55":{"start":{"line":56,"column":0},"end":{"line":56,"column":9}},"56":{"start":{"line":57,"column":0},"end":{"line":57,"column":53}},"57":{"start":{"line":58,"column":0},"end":{"line":58,"column":42}},"58":{"start":{"line":59,"column":0},"end":{"line":59,"column":119}},"59":{"start":{"line":60,"column":0},"end":{"line":60,"column":9}},"60":{"start":{"line":61,"column":0},"end":{"line":61,"column":51}},"61":{"start":{"line":62,"column":0},"end":{"line":62,"column":55}},"63":{"start":{"line":64,"column":0},"end":{"line":64,"column":21}},"64":{"start":{"line":65,"column":0},"end":{"line":65,"column":62}},"65":{"start":{"line":66,"column":0},"end":{"line":66,"column":78}},"66":{"start":{"line":67,"column":0},"end":{"line":67,"column":16}},"67":{"start":{"line":68,"column":0},"end":{"line":68,"column":61}},"68":{"start":{"line":69,"column":0},"end":{"line":69,"column":77}},"69":{"start":{"line":70,"column":0},"end":{"line":70,"column":9}},"70":{"start":{"line":71,"column":0},"end":{"line":71,"column":26}},"71":{"start":{"line":72,"column":0},"end":{"line":72,"column":40}},"72":{"start":{"line":73,"column":0},"end":{"line":73,"column":78}},"73":{"start":{"line":74,"column":0},"end":{"line":74,"column":9}},"74":{"start":{"line":75,"column":0},"end":{"line":75,"column":100}},"75":{"start":{"line":76,"column":0},"end":{"line":76,"column":126}},"76":{"start":{"line":77,"column":0},"end":{"line":77,"column":5}},"77":{"start":{"line":78,"column":0},"end":{"line":78,"column":6}},"80":{"start":{"line":81,"column":0},"end":{"line":81,"column":71}},"81":{"start":{"line":82,"column":0},"end":{"line":82,"column":42}},"82":{"start":{"line":83,"column":0},"end":{"line":83,"column":30}},"83":{"start":{"line":84,"column":0},"end":{"line":84,"column":14}},"84":{"start":{"line":85,"column":0},"end":{"line":85,"column":134}},"85":{"start":{"line":86,"column":0},"end":{"line":86,"column":149}},"86":{"start":{"line":87,"column":0},"end":{"line":87,"column":7}},"87":{"start":{"line":88,"column":0},"end":{"line":88,"column":5}},"91":{"start":{"line":92,"column":0},"end":{"line":92,"column":32}},"92":{"start":{"line":93,"column":0},"end":{"line":93,"column":96}},"93":{"start":{"line":94,"column":0},"end":{"line":94,"column":96}},"95":{"start":{"line":96,"column":0},"end":{"line":96,"column":34}},"96":{"start":{"line":97,"column":0},"end":{"line":97,"column":35}},"97":{"start":{"line":98,"column":0},"end":{"line":98,"column":29}},"98":{"start":{"line":99,"column":0},"end":{"line":99,"column":5}},"101":{"start":{"line":102,"column":0},"end":{"line":102,"column":87}},"102":{"start":{"line":103,"column":0},"end":{"line":103,"column":2}},"105":{"start":{"line":106,"column":0},"end":{"line":106,"column":43}},"106":{"start":{"line":107,"column":0},"end":{"line":107,"column":26}},"107":{"start":{"line":108,"column":0},"end":{"line":108,"column":317}},"108":{"start":{"line":109,"column":0},"end":{"line":109,"column":35}},"109":{"start":{"line":110,"column":0},"end":{"line":110,"column":36}},"110":{"start":{"line":111,"column":0},"end":{"line":111,"column":2}}},"s":{"0":1,"1":1,"2":1,"3":1,"4":1,"13":1,"14":1,"15":1,"16":1,"17":1,"20":1,"21":1,"22":1,"28":1,"30":7,"31":7,"32":7,"33":7,"34":2,"35":2,"36":2,"37":0,"38":0,"39":5,"49":5,"50":8,"51":8,"52":8,"53":8,"55":8,"56":8,"57":8,"58":0,"59":0,"60":6,"61":6,"63":8,"64":1,"65":1,"66":8,"67":5,"68":4,"69":4,"70":8,"71":3,"72":2,"73":2,"74":1,"75":3,"76":3,"77":5,"80":5,"81":8,"82":8,"83":8,"84":0,"85":0,"86":0,"87":5,"91":5,"92":3,"93":3,"95":3,"96":3,"97":3,"98":5,"101":5,"102":5,"105":1,"106":1,"107":1,"108":1,"109":1,"110":1},"branchMap":{"0":{"type":"branch","line":29,"loc":{"start":{"line":29,"column":31},"end":{"line":103,"column":2}},"locations":[{"start":{"line":29,"column":31},"end":{"line":103,"column":2}}]},"1":{"type":"branch","line":34,"loc":{"start":{"line":34,"column":2},"end":{"line":39,"column":3}},"locations":[{"start":{"line":34,"column":2},"end":{"line":39,"column":3}}]},"2":{"type":"branch","line":37,"loc":{"start":{"line":37,"column":6},"end":{"line":39,"column":3}},"locations":[{"start":{"line":37,"column":6},"end":{"line":39,"column":3}}]},"3":{"type":"branch","line":39,"loc":{"start":{"line":39,"column":2},"end":{"line":103,"column":2}},"locations":[{"start":{"line":39,"column":2},"end":{"line":103,"column":2}}]},"4":{"type":"branch","line":36,"loc":{"start":{"line":36,"column":93},"end":{"line":36,"column":134}},"locations":[{"start":{"line":36,"column":93},"end":{"line":36,"column":134}}]},"5":{"type":"branch","line":50,"loc":{"start":{"line":50,"column":60},"end":{"line":78,"column":3}},"locations":[{"start":{"line":50,"column":60},"end":{"line":78,"column":3}}]},"6":{"type":"branch","line":53,"loc":{"start":{"line":53,"column":24},"end":{"line":53,"column":65}},"locations":[{"start":{"line":53,"column":24},"end":{"line":53,"column":65}}]},"7":{"type":"branch","line":58,"loc":{"start":{"line":58,"column":41},"end":{"line":60,"column":9}},"locations":[{"start":{"line":58,"column":41},"end":{"line":60,"column":9}}]},"8":{"type":"branch","line":60,"loc":{"start":{"line":60,"column":8},"end":{"line":64,"column":20}},"locations":[{"start":{"line":60,"column":8},"end":{"line":64,"column":20}}]},"9":{"type":"branch","line":64,"loc":{"start":{"line":64,"column":20},"end":{"line":67,"column":15}},"locations":[{"start":{"line":64,"column":20},"end":{"line":67,"column":15}}]},"10":{"type":"branch","line":67,"loc":{"start":{"line":67,"column":8},"end":{"line":70,"column":9}},"locations":[{"start":{"line":67,"column":8},"end":{"line":70,"column":9}}]},"11":{"type":"branch","line":68,"loc":{"start":{"line":68,"column":59},"end":{"line":70,"column":9}},"locations":[{"start":{"line":68,"column":59},"end":{"line":70,"column":9}}]},"12":{"type":"branch","line":71,"loc":{"start":{"line":71,"column":4},"end":{"line":77,"column":5}},"locations":[{"start":{"line":71,"column":4},"end":{"line":77,"column":5}}]},"13":{"type":"branch","line":72,"loc":{"start":{"line":72,"column":39},"end":{"line":74,"column":9}},"locations":[{"start":{"line":72,"column":39},"end":{"line":74,"column":9}}]},"14":{"type":"branch","line":74,"loc":{"start":{"line":74,"column":8},"end":{"line":76,"column":80}},"locations":[{"start":{"line":74,"column":8},"end":{"line":76,"column":80}}]},"15":{"type":"branch","line":76,"loc":{"start":{"line":76,"column":71},"end":{"line":76,"column":91}},"locations":[{"start":{"line":76,"column":71},"end":{"line":76,"column":91}}]},"16":{"type":"branch","line":76,"loc":{"start":{"line":76,"column":80},"end":{"line":76,"column":98}},"locations":[{"start":{"line":76,"column":80},"end":{"line":76,"column":98}}]},"17":{"type":"branch","line":81,"loc":{"start":{"line":81,"column":51},"end":{"line":88,"column":3}},"locations":[{"start":{"line":81,"column":51},"end":{"line":88,"column":3}}]},"18":{"type":"branch","line":84,"loc":{"start":{"line":84,"column":6},"end":{"line":87,"column":7}},"locations":[{"start":{"line":84,"column":6},"end":{"line":87,"column":7}}]},"19":{"type":"branch","line":92,"loc":{"start":{"line":92,"column":21},"end":{"line":99,"column":3}},"locations":[{"start":{"line":92,"column":21},"end":{"line":99,"column":3}}]},"20":{"type":"branch","line":96,"loc":{"start":{"line":96,"column":25},"end":{"line":96,"column":34}},"locations":[{"start":{"line":96,"column":25},"end":{"line":96,"column":34}}]},"21":{"type":"branch","line":97,"loc":{"start":{"line":97,"column":25},"end":{"line":97,"column":35}},"locations":[{"start":{"line":97,"column":25},"end":{"line":97,"column":35}}]},"22":{"type":"branch","line":93,"loc":{"start":{"line":93,"column":44},"end":{"line":93,"column":94}},"locations":[{"start":{"line":93,"column":44},"end":{"line":93,"column":94}}]},"23":{"type":"branch","line":93,"loc":{"start":{"line":93,"column":83},"end":{"line":93,"column":94}},"locations":[{"start":{"line":93,"column":83},"end":{"line":93,"column":94}}]},"24":{"type":"branch","line":94,"loc":{"start":{"line":94,"column":44},"end":{"line":94,"column":94}},"locations":[{"start":{"line":94,"column":44},"end":{"line":94,"column":94}}]},"25":{"type":"branch","line":94,"loc":{"start":{"line":94,"column":83},"end":{"line":94,"column":94}},"locations":[{"start":{"line":94,"column":83},"end":{"line":94,"column":94}}]}},"b":{"0":[7],"1":[2],"2":[0],"3":[5],"4":[2],"5":[8],"6":[0],"7":[0],"8":[6],"9":[1],"10":[5],"11":[4],"12":[3],"13":[2],"14":[1],"15":[0],"16":[1],"17":[8],"18":[0],"19":[3],"20":[0],"21":[0],"22":[7],"23":[0],"24":[4],"25":[0]},"fnMap":{"0":{"name":"handleWriteContentFunc","decl":{"start":{"line":29,"column":31},"end":{"line":103,"column":2}},"loc":{"start":{"line":29,"column":31},"end":{"line":103,"column":2}},"line":29}},"f":{"0":7}}
}
